This file contains any messages produced by compilers while
running configure, to aid debugging if configure makes a mistake.

It was created by PolyORB-HI/Ada configure 1.1w, which was
generated by GNU Autoconf 2.60.  Invocation command line was

  $ /home/poilon/goinfre/mini-pfe/ocarina-2.0w/resources/runtime/polyorb-hi-ada/configure --enable-debug --with-ocarina-prefix=/usr/ocarina2.0w --disable-ocarina-version-check

## --------- ##
## Platform. ##
## --------- ##

hostname = poilon-ubuntu
uname -m = i686
uname -r = 2.6.38-8-generic-pae
uname -s = Linux
uname -v = #42-Ubuntu SMP Mon Apr 11 05:17:09 UTC 2011

/usr/bin/uname -p = unknown
/bin/uname -X     = unknown

/bin/arch              = unknown
/usr/bin/arch -k       = unknown
/usr/convex/getsysinfo = unknown
/usr/bin/hostinfo      = unknown
/bin/machine           = unknown
/usr/bin/oslevel       = unknown
/bin/universe          = unknown

PATH: /home/poilon/goinfre/mini-pfe/bin
PATH: /usr/gnat/bin
PATH: /usr/local/sbin
PATH: /usr/local/bin
PATH: /usr/sbin
PATH: /usr/bin
PATH: /sbin
PATH: /bin
PATH: /usr/games


## ----------- ##
## Core tests. ##
## ----------- ##

configure:1786: checking build system type
configure:1804: result: i686-pc-linux-gnu
configure:1826: checking host system type
configure:1841: result: i686-pc-linux-gnu
configure:1863: checking target system type
configure:1878: result: i686-pc-linux-gnu
configure:1920: checking for a BSD-compatible install
configure:1976: result: /usr/bin/install -c
configure:1987: checking whether build environment is sane
configure:2030: result: yes
configure:2095: checking for gawk
configure:2125: result: no
configure:2095: checking for mawk
configure:2111: found /usr/bin/mawk
configure:2122: result: mawk
configure:2133: checking whether make sets $(MAKE)
configure:2154: result: yes
configure:2333: checking how to create a pax tar archive
configure:2346: tar --version
tar (GNU tar) 1.25
Copyright (C) 2010 Free Software Foundation, Inc.
License GPLv3+: GNU GPL version 3 or later <http://gnu.org/licenses/gpl.html>.
This is free software: you are free to change and redistribute it.
There is NO WARRANTY, to the extent permitted by law.

Written by John Gilmore and Jay Fenlason.
configure:2349: $? = 0
configure:2389: tardir=conftest.dir && eval tar --format=posix -chf - "$tardir" >conftest.tar
configure:2392: $? = 0
configure:2396: tar -xf - <conftest.tar
configure:2399: $? = 0
configure:2412: result: gnutar
configure:2426: checking for mv
configure:2442: found /bin/mv
configure:2453: result: mv
configure:2463: checking for rm
configure:2479: found /bin/rm
configure:2490: result: rm
configure:2500: checking for cp
configure:2516: found /bin/cp
configure:2527: result: cp
configure:2537: checking for grep
configure:2553: found /bin/grep
configure:2564: result: grep
configure:2574: checking for chmod
configure:2590: found /bin/chmod
configure:2601: result: chmod
configure:2611: checking for tex
configure:2641: result: no
configure:2648: checking for bibtex
configure:2678: result: no
configure:2726: checking for ranlib
configure:2742: found /usr/bin/ranlib
configure:2753: result: ranlib
configure:2790: checking for gmake
configure:2820: result: no
configure:2790: checking for gnumake
configure:2820: result: no
configure:2790: checking for make
configure:2806: found /usr/bin/make
configure:2817: result: make
configure:2830: checking whether make is a GNU make
configure:2834: result: yes.
configure:2868: checking for style of include used by make
configure:2896: result: GNU
configure:2969: checking for gcc
configure:2985: found /usr/bin/gcc
configure:2996: result: gcc
configure:3234: checking for C compiler version
configure:3241: gcc --version >&5
gcc (Ubuntu/Linaro 4.5.2-8ubuntu4) 4.5.2
Copyright (C) 2010 Free Software Foundation, Inc.
This is free software; see the source for copying conditions.  There is NO
warranty; not even for MERCHANTABILITY or FITNESS FOR A PARTICULAR PURPOSE.

configure:3244: $? = 0
configure:3251: gcc -v >&5
Using built-in specs.
COLLECT_GCC=gcc
COLLECT_LTO_WRAPPER=/usr/lib/i386-linux-gnu/gcc/i686-linux-gnu/4.5.2/lto-wrapper
Target: i686-linux-gnu
Configured with: ../src/configure -v --with-pkgversion='Ubuntu/Linaro 4.5.2-8ubuntu4' --with-bugurl=file:///usr/share/doc/gcc-4.5/README.Bugs --enable-languages=c,c++,fortran,objc,obj-c++ --prefix=/usr --program-suffix=-4.5 --enable-shared --enable-multiarch --with-multiarch-defaults=i386-linux-gnu --enable-linker-build-id --with-system-zlib --libexecdir=/usr/lib/i386-linux-gnu --without-included-gettext --enable-threads=posix --with-gxx-include-dir=/usr/include/c++/4.5 --libdir=/usr/lib/i386-linux-gnu --enable-nls --with-sysroot=/ --enable-clocale=gnu --enable-libstdcxx-debug --enable-libstdcxx-time=yes --enable-plugin --enable-gold --enable-ld=default --with-plugin-ld=ld.gold --enable-objc-gc --enable-targets=all --disable-werror --with-arch-32=i686 --with-tune=generic --enable-checking=release --build=i686-linux-gnu --host=i686-linux-gnu --target=i686-linux-gnu
Thread model: posix
gcc version 4.5.2 (Ubuntu/Linaro 4.5.2-8ubuntu4) 
configure:3254: $? = 0
configure:3261: gcc -V >&5
gcc: '-V' option must have argument
configure:3264: $? = 1
configure:3287: checking for C compiler default output file name
configure:3314: gcc    conftest.c  >&5
configure:3317: $? = 0
configure:3363: result: a.out
configure:3368: checking whether the C compiler works
configure:3378: ./a.out
configure:3381: $? = 0
configure:3398: result: yes
configure:3405: checking whether we are cross compiling
configure:3407: result: no
configure:3410: checking for suffix of executables
configure:3417: gcc -o conftest    conftest.c  >&5
configure:3420: $? = 0
configure:3444: result: 
configure:3450: checking for suffix of object files
configure:3476: gcc -c   conftest.c >&5
configure:3479: $? = 0
configure:3502: result: o
configure:3506: checking whether we are using the GNU C compiler
configure:3535: gcc -c   conftest.c >&5
configure:3541: $? = 0
configure:3548: test -z "$ac_c_werror_flag" || test ! -s conftest.err
configure:3551: $? = 0
configure:3558: test -s conftest.o
configure:3561: $? = 0
configure:3575: result: yes
configure:3580: checking whether gcc accepts -g
configure:3610: gcc -c -g  conftest.c >&5
configure:3616: $? = 0
configure:3623: test -z "$ac_c_werror_flag" || test ! -s conftest.err
configure:3626: $? = 0
configure:3633: test -s conftest.o
configure:3636: $? = 0
configure:3766: result: yes
configure:3783: checking for gcc option to accept ISO C89
configure:3857: gcc  -c -g -O2  conftest.c >&5
configure:3863: $? = 0
configure:3870: test -z "$ac_c_werror_flag" || test ! -s conftest.err
configure:3873: $? = 0
configure:3880: test -s conftest.o
configure:3883: $? = 0
configure:3903: result: none needed
configure:3923: checking dependency style of gcc
configure:4013: result: none
configure:4036: checking for gnatgcc
configure:4052: found /usr/bin/gnatgcc
configure:4063: result: gnatgcc
configure:4081: checking for gnatchop
configure:4097: found /usr/bin/gnatchop
configure:4108: result: gnatchop
configure:4118: checking if the Ada compiler works
configure:4133: cd conftest && gnatchop -q src.ada && gnatgcc -c check.adb > /dev/null 2>../conftest.out
configure:4136: $? = 0
configure:4139: result: yes
configure:4156: checking for gnatmake
configure:4172: found /usr/bin/gnatmake
configure:4183: result: gnatmake
configure:4201: checking if the Ada compiler works
configure:4216: cd conftest && gnatchop -q src.ada && gnatgcc -c check.adb > /dev/null 2>../conftest.out
configure:4219: $? = 0
configure:4222: result: yes
configure:4235: checking for gnatclean
configure:4251: found /usr/bin/gnatclean
configure:4262: result: gnatclean
configure:4280: checking for sparc-elf-gnatmake
configure:4310: result: no
configure:4317: checking for sparc-elf-gnatclean
configure:4347: result: no
configure:4354: checking for tsim-leon
configure:4384: result: no
configure:4391: checking for leon-elf-gnatmake
configure:4421: result: no
configure:4428: checking for leon-elf-gnatclean
configure:4458: result: no
configure:4503: WARNING:
          GNAT for LEON target has not been found.
          All examples using this platform will
          be disabled.
configure:4514: WARNING:
          GNATPRO for LEON target has not been found.
          All examples using this platform will
          be disabled.
configure:4523: checking for erc32-elf-gnatmake
configure:4553: result: no
configure:4560: checking for erc32-elf-gnatclean
configure:4590: result: no
configure:4597: checking for tsim-erc32
configure:4627: result: no
configure:4660: WARNING:
          GNAT for ERC32 target has not been found.
          All examples using this platform will
          be disabled.
configure:4669: checking for mgnatmake
configure:4699: result: no
configure:4720: WARNING:
          GNAT for MARTE target has not been found.
          All examples using this platform will
          be disabled.
configure:4776: checking for ocarina-config
configure:4807: result: /usr/ocarina2.0w/bin/ocarina-config
configure:5146: creating ./config.status

## ---------------------- ##
## Running config.status. ##
## ---------------------- ##

This file was extended by PolyORB-HI/Ada config.status 1.1w, which was
generated by GNU Autoconf 2.60.  Invocation command line was

  CONFIG_FILES    = 
  CONFIG_HEADERS  = 
  CONFIG_LINKS    = 
  CONFIG_COMMANDS = 
  $ ./config.status 

on poilon-ubuntu

config.status:719: creating Makefile
config.status:719: creating doc/Makefile
config.status:719: creating support/Makefile
config.status:719: creating tools/Makefile
config.status:719: creating share/Makefile
config.status:719: creating share/make/Makefile
config.status:719: creating src/Makefile
config.status:719: creating src/polyorb_hi.gpr
config.status:719: creating examples/Makefile
config.status:719: creating examples/aadlv1/Makefile
config.status:719: creating examples/aadlv1/d3.1.3-1_extended/Makefile
config.status:719: creating examples/aadlv1/d3.1.3-1/Makefile
config.status:719: creating examples/aadlv1/delayed_connections/Makefile
config.status:719: creating examples/aadlv1/flight_mgmt/Makefile
config.status:719: creating examples/aadlv1/import/Makefile
config.status:719: creating examples/aadlv1/mode_switch/Makefile
config.status:719: creating examples/aadlv1/mpc/Makefile
config.status:719: creating examples/aadlv1/multiple_instances/Makefile
config.status:719: creating examples/aadlv1/ping/Makefile
config.status:719: creating examples/aadlv1/prime_numbers/Makefile
config.status:719: creating examples/aadlv1/producer_consumer/Makefile
config.status:719: creating examples/aadlv1/radar/Makefile
config.status:719: creating examples/aadlv1/ravenscar_example/Makefile
config.status:719: creating examples/aadlv1/rap/Makefile
config.status:719: creating examples/aadlv1/rma/Makefile
config.status:719: creating examples/aadlv1/some_types/Makefile
config.status:719: creating examples/aadlv1/subprogram_ports/Makefile
config.status:719: creating examples/aadlv1/sunseeker/Makefile
config.status:719: creating examples/aadlv2/Makefile
config.status:719: creating examples/aadlv2/rma/Makefile
config.status:719: creating examples/aadlv2/ping/Makefile
config.status:719: creating examples/aadlv2/ping_overflow/Makefile
config.status:719: creating examples/aadlv2/some_types/Makefile
config.status:719: creating examples/aadlv2/sunseeker/Makefile
config.status:719: creating examples/aadlv2/d3.1.3-1/Makefile
config.status:719: creating examples/aadlv2/d3.1.3-1_extended/Makefile
config.status:719: creating examples/aadlv2/device_drivers/Makefile
config.status:719: creating examples/aadlv2/flight_mgmt/Makefile
config.status:719: creating examples/aadlv2/import/Makefile
config.status:719: creating examples/aadlv2/mpc/Makefile
config.status:719: creating examples/aadlv2/multiple_instances/Makefile
config.status:719: creating examples/aadlv2/prime_numbers/Makefile
config.status:719: creating examples/aadlv2/producer_consumer/Makefile
config.status:719: creating examples/aadlv2/subprogram_ports/Makefile
config.status:719: creating examples/aadlv2/radar/Makefile
config.status:719: creating examples/aadlv2/rasta/Makefile
config.status:719: creating examples/aadlv2/ravenscar_example/Makefile
config.status:719: creating examples/aadlv2/mode_switch/Makefile
config.status:719: creating examples/aadlv2/delayed_connections/Makefile
config.status:719: creating examples/aadlv2/tests_fusion/Makefile
config.status:719: creating examples/aadlv2/tests_fusion/test_1/Makefile
config.status:719: creating examples/aadlv2/tests_fusion/test_2/Makefile
config.status:719: creating examples/aadlv2/tests_fusion/test_3/Makefile
config.status:719: creating examples/aadlv2/tests_fusion/test_4/Makefile
config.status:719: creating examples/aadlv2/tests_fusion/test_5/Makefile
config.status:719: creating examples/aadlv2/tests_fusion/test_6/Makefile
config.status:719: creating examples/aadlv2/tests_fusion/test_7/Makefile
config.status:719: creating examples/aadlv2/tests_fusion/test_8/Makefile
config.status:904: executing depfiles commands
configure:6340: %%%%%%%%%%%%%%%%%%%%%%%%%%%%%%%%%%%%%%%%%%%%%%%%%%%%%%%%%%%
configure:6342: PolyORB High Integrity configuration is complete!
configure:6344: GNU make command name: "make"
configure:6346: %%%%%%%%%%%%%%%%%%%%%%%%%%%%%%%%%%%%%%%%%%%%%%%%%%%%%%%%%%%

## ---------------- ##
## Cache variables. ##
## ---------------- ##

ac_cv_build=i686-pc-linux-gnu
ac_cv_c_compiler_gnu=yes
ac_cv_env_CC_set=
ac_cv_env_CC_value=
ac_cv_env_CFLAGS_set=
ac_cv_env_CFLAGS_value=
ac_cv_env_CPPFLAGS_set=
ac_cv_env_CPPFLAGS_value=
ac_cv_env_LDFLAGS_set=
ac_cv_env_LDFLAGS_value=
ac_cv_env_build_alias_set=
ac_cv_env_build_alias_value=
ac_cv_env_host_alias_set=
ac_cv_env_host_alias_value=
ac_cv_env_target_alias_set=
ac_cv_env_target_alias_value=
ac_cv_host=i686-pc-linux-gnu
ac_cv_objext=o
ac_cv_path_OCARINA_CONFIG=/usr/ocarina2.0w/bin/ocarina-config
ac_cv_path_install='/usr/bin/install -c'
ac_cv_prog_ADA=gnatgcc
ac_cv_prog_AWK=mawk
ac_cv_prog_CHMOD=chmod
ac_cv_prog_CP=cp
ac_cv_prog_GNATCHOP=gnatchop
ac_cv_prog_GNATCLEAN=gnatclean
ac_cv_prog_GNATMAKE=gnatmake
ac_cv_prog_GNU_MAKE=make
ac_cv_prog_GREP=grep
ac_cv_prog_MV=mv
ac_cv_prog_RM=rm
ac_cv_prog_ac_ct_CC=gcc
ac_cv_prog_ac_ct_RANLIB=ranlib
ac_cv_prog_cc_c89=
ac_cv_prog_cc_g=yes
ac_cv_prog_make_make_set=yes
ac_cv_target=i686-pc-linux-gnu
am_cv_CC_dependencies_compiler_type=none
am_cv_prog_tar_pax=gnutar

## ----------------- ##
## Output variables. ##
## ----------------- ##

ACLOCAL='${SHELL} /home/poilon/goinfre/mini-pfe/ocarina-2.0w/resources/runtime/polyorb-hi-ada/support/missing --run aclocal-1.9'
ADA='gnatgcc'
AMDEPBACKSLASH='\'
AMDEP_FALSE='#'
AMDEP_TRUE=''
AMTAR='${SHELL} /home/poilon/goinfre/mini-pfe/ocarina-2.0w/resources/runtime/polyorb-hi-ada/support/missing --run tar'
AUTOCONF='${SHELL} /home/poilon/goinfre/mini-pfe/ocarina-2.0w/resources/runtime/polyorb-hi-ada/support/missing --run autoconf'
AUTOHEADER='${SHELL} /home/poilon/goinfre/mini-pfe/ocarina-2.0w/resources/runtime/polyorb-hi-ada/support/missing --run autoheader'
AUTOMAKE='${SHELL} /home/poilon/goinfre/mini-pfe/ocarina-2.0w/resources/runtime/polyorb-hi-ada/support/missing --run automake-1.9'
AWK='mawk'
BIBTEX=''
CC='gcc'
CCDEPMODE='depmode=none'
CFLAGS='-g -O2'
CHMOD='chmod'
CP='cp'
CPPFLAGS=''
CYGPATH_U='echo'
CYGPATH_W='echo'
DEBUG_FALSE='#'
DEBUG_TRUE=''
DEFS='-DPACKAGE_NAME=\"PolyORB-HI/Ada\" -DPACKAGE_TARNAME=\"polyorb-hi-ada\" -DPACKAGE_VERSION=\"1.1w\" -DPACKAGE_STRING=\"PolyORB-HI/Ada\ 1.1w\" -DPACKAGE_BUGREPORT=\"polyorb-hi-devel@listes.enst.fr\" -DPACKAGE=\"polyorb-hi-ada\" -DVERSION=\"1.1w\"'
DEPDIR='.deps'
ECHO_C=''
ECHO_N='-n'
ECHO_T=''
EXEEXT=''
GNATCHOP='gnatchop'
GNATCLEAN='gnatclean'
GNATCLEAN_FOR_ERC32=''
GNATCLEAN_FOR_LEON=''
GNATCLEAN_FOR_LEON_GNAT=''
GNATFLAGS='-XBUILD=debug'
GNATMAKE='gnatmake'
GNATMAKE_FOR_ERC32=''
GNATMAKE_FOR_LEON=''
GNATMAKE_FOR_LEON_GNAT=''
GNATMAKE_FOR_MARTE=''
GNU_MAKE='make'
GREP='grep'
HAS_GNATMAKE_FOR_ERC32_FALSE=''
HAS_GNATMAKE_FOR_ERC32_TRUE='#'
HAS_GNATMAKE_FOR_LEON_FALSE=''
HAS_GNATMAKE_FOR_LEON_GNAT_FALSE=''
HAS_GNATMAKE_FOR_LEON_GNAT_TRUE='#'
HAS_GNATMAKE_FOR_LEON_TRUE='#'
HAS_GNATMAKE_FOR_MARTE_FALSE=''
HAS_GNATMAKE_FOR_MARTE_TRUE='#'
HAS_TSIM_FOR_ERC32_FALSE=''
HAS_TSIM_FOR_ERC32_TRUE='#'
HAS_TSIM_FOR_LEON_FALSE=''
HAS_TSIM_FOR_LEON_TRUE='#'
INSTALL_DATA='${INSTALL} -m 644'
INSTALL_PROGRAM='${INSTALL}'
INSTALL_SCRIPT='${INSTALL}'
INSTALL_STRIP_PROGRAM='${SHELL} $(install_sh) -c -s'
LDFLAGS=''
LIBOBJS=''
LIBS=''
LTLIBOBJS=''
MAKEINFO='${SHELL} /home/poilon/goinfre/mini-pfe/ocarina-2.0w/resources/runtime/polyorb-hi-ada/support/missing --run makeinfo'
MV='mv'
OBJEXT='o'
OCARINA_ADAFLAGS='false'
OCARINA_CONFIG='/usr/ocarina2.0w/bin/ocarina-config'
OCARINA_LIBS='flase'
OCARINA_PREFIX='/usr/ocarina2.0w'
OCARINA_RESOURCES='/usr/ocarina2.0w/share/ocarina'
OCARINA_RUNTIME='/usr/ocarina2.0w/include/ocarina/runtime'
PACKAGE='polyorb-hi-ada'
PACKAGE_BUGREPORT='polyorb-hi-devel@listes.enst.fr'
PACKAGE_NAME='PolyORB-HI/Ada'
PACKAGE_STRING='PolyORB-HI/Ada 1.1w'
PACKAGE_TARNAME='polyorb-hi-ada'
PACKAGE_VERSION='1.1w'
PATH_SEPARATOR=':'
RANLIB='ranlib'
RM='rm'
SET_MAKE=''
SHELL='/bin/bash'
STRIP=''
TEX=''
TSIM_FOR_ERC32=''
TSIM_FOR_LEON=''
VERSION='1.1w'
WARNINGS_ARE_ERRORS=''
WINDOWS_FALSE=''
WINDOWS_TRUE='#'
ac_ct_CC='gcc'
am__fastdepCC_FALSE=''
am__fastdepCC_TRUE='#'
am__include='include'
am__leading_dot='.'
am__quote=''
am__tar='tar --format=posix -chf - "$$tardir"'
am__untar='tar -xf -'
bindir='${exec_prefix}/bin'
build='i686-pc-linux-gnu'
build_alias=''
build_cpu='i686'
build_os='linux-gnu'
build_vendor='pc'
datadir='${datarootdir}'
datarootdir='${prefix}/share'
docdir='${datarootdir}/doc/${PACKAGE_TARNAME}'
dvidir='${docdir}'
exec_prefix='${prefix}'
host='i686-pc-linux-gnu'
host_alias=''
host_cpu='i686'
host_os='linux-gnu'
host_vendor='pc'
htmldir='${docdir}'
includedir='${prefix}/include'
infodir='${datarootdir}/info'
install_sh='/home/poilon/goinfre/mini-pfe/ocarina-2.0w/resources/runtime/polyorb-hi-ada/support/install-sh'
libdir='${exec_prefix}/lib'
libexecdir='${exec_prefix}/libexec'
localedir='${datarootdir}/locale'
localstatedir='${prefix}/var'
mandir='${datarootdir}/man'
mkdir_p='mkdir -p --'
oldincludedir='/usr/include'
pdfdir='${docdir}'
prefix='$(OCARINA_PREFIX)'
program_transform_name='s,x,x,'
psdir='${docdir}'
sbindir='${exec_prefix}/sbin'
sharedstatedir='${prefix}/com'
sysconfdir='${prefix}/etc'
target='i686-pc-linux-gnu'
target_alias=''
target_cpu='i686'
target_os='linux-gnu'
target_vendor='pc'

## ----------- ##
## confdefs.h. ##
## ----------- ##

#define PACKAGE_NAME "PolyORB-HI/Ada"
#define PACKAGE_TARNAME "polyorb-hi-ada"
#define PACKAGE_VERSION "1.1w"
#define PACKAGE_STRING "PolyORB-HI/Ada 1.1w"
#define PACKAGE_BUGREPORT "polyorb-hi-devel@listes.enst.fr"
#define PACKAGE "polyorb-hi-ada"
#define VERSION "1.1w"

configure: exit 0
