This file contains any messages produced by compilers while
running configure, to aid debugging if configure makes a mistake.

It was created by PolyORB-QoS/Ada configure 1.0w, which was
generated by GNU Autoconf 2.60.  Invocation command line was

  $ /home/poilon/goinfre/mini-pfe/ocarina-2.0w/resources/runtime/polyorb-qos-ada/configure --enable-debug --with-ocarina-prefix=/usr/ocarina2.0w --disable-ocarina-version-check

## --------- ##
## Platform. ##
## --------- ##

hostname = poilon-ubuntu
uname -m = i686
uname -r = 2.6.38-8-generic-pae
uname -s = Linux
uname -v = #42-Ubuntu SMP Mon Apr 11 05:17:09 UTC 2011

/usr/bin/uname -p = unknown
/bin/uname -X     = unknown

/bin/arch              = unknown
/usr/bin/arch -k       = unknown
/usr/convex/getsysinfo = unknown
/usr/bin/hostinfo      = unknown
/bin/machine           = unknown
/usr/bin/oslevel       = unknown
/bin/universe          = unknown

PATH: /home/poilon/goinfre/mini-pfe/bin
PATH: /usr/gnat/bin
PATH: /usr/local/sbin
PATH: /usr/local/bin
PATH: /usr/sbin
PATH: /usr/bin
PATH: /sbin
PATH: /bin
PATH: /usr/games


## ----------- ##
## Core tests. ##
## ----------- ##

configure:1780: checking build system type
configure:1798: result: i686-pc-linux-gnu
configure:1820: checking host system type
configure:1835: result: i686-pc-linux-gnu
configure:1857: checking target system type
configure:1872: result: i686-pc-linux-gnu
configure:1914: checking for a BSD-compatible install
configure:1970: result: /usr/bin/install -c
configure:1981: checking whether build environment is sane
configure:2024: result: yes
configure:2089: checking for gawk
configure:2119: result: no
configure:2089: checking for mawk
configure:2105: found /usr/bin/mawk
configure:2116: result: mawk
configure:2127: checking whether make sets $(MAKE)
configure:2148: result: yes
configure:2327: checking how to create a pax tar archive
configure:2340: tar --version
tar (GNU tar) 1.25
Copyright (C) 2010 Free Software Foundation, Inc.
License GPLv3+: GNU GPL version 3 or later <http://gnu.org/licenses/gpl.html>.
This is free software: you are free to change and redistribute it.
There is NO WARRANTY, to the extent permitted by law.

Written by John Gilmore and Jay Fenlason.
configure:2343: $? = 0
configure:2383: tardir=conftest.dir && eval tar --format=posix -chf - "$tardir" >conftest.tar
configure:2386: $? = 0
configure:2390: tar -xf - <conftest.tar
configure:2393: $? = 0
configure:2406: result: gnutar
configure:2420: checking for mv
configure:2436: found /bin/mv
configure:2447: result: mv
configure:2457: checking for rm
configure:2473: found /bin/rm
configure:2484: result: rm
configure:2494: checking for cp
configure:2510: found /bin/cp
configure:2521: result: cp
configure:2531: checking for grep
configure:2547: found /bin/grep
configure:2558: result: grep
configure:2568: checking for chmod
configure:2584: found /bin/chmod
configure:2595: result: chmod
configure:2605: checking for tex
configure:2635: result: no
configure:2642: checking for bibtex
configure:2672: result: no
configure:2720: checking for ranlib
configure:2736: found /usr/bin/ranlib
configure:2747: result: ranlib
configure:2784: checking for python
configure:2802: found /usr/bin/python
configure:2814: result: /usr/bin/python
configure:2837: checking for python version
configure:2844: result: 2.7
configure:2856: checking for python platform
configure:2863: result: linux2
configure:2870: checking for python script directory
configure:2878: result: ${prefix}/lib/python2.7/site-packages
configure:2887: checking for python extension module directory
configure:2895: result: ${exec_prefix}/lib/python2.7/site-packages
configure:2918: checking for gmake
configure:2948: result: no
configure:2918: checking for gnumake
configure:2948: result: no
configure:2918: checking for make
configure:2934: found /usr/bin/make
configure:2945: result: make
configure:2958: checking whether make is a GNU make
configure:2962: result: yes.
configure:2996: checking for style of include used by make
configure:3024: result: GNU
configure:3097: checking for gcc
configure:3113: found /usr/bin/gcc
configure:3124: result: gcc
configure:3362: checking for C compiler version
configure:3369: gcc --version >&5
gcc (Ubuntu/Linaro 4.5.2-8ubuntu4) 4.5.2
Copyright (C) 2010 Free Software Foundation, Inc.
This is free software; see the source for copying conditions.  There is NO
warranty; not even for MERCHANTABILITY or FITNESS FOR A PARTICULAR PURPOSE.

configure:3372: $? = 0
configure:3379: gcc -v >&5
Using built-in specs.
COLLECT_GCC=gcc
COLLECT_LTO_WRAPPER=/usr/lib/i386-linux-gnu/gcc/i686-linux-gnu/4.5.2/lto-wrapper
Target: i686-linux-gnu
Configured with: ../src/configure -v --with-pkgversion='Ubuntu/Linaro 4.5.2-8ubuntu4' --with-bugurl=file:///usr/share/doc/gcc-4.5/README.Bugs --enable-languages=c,c++,fortran,objc,obj-c++ --prefix=/usr --program-suffix=-4.5 --enable-shared --enable-multiarch --with-multiarch-defaults=i386-linux-gnu --enable-linker-build-id --with-system-zlib --libexecdir=/usr/lib/i386-linux-gnu --without-included-gettext --enable-threads=posix --with-gxx-include-dir=/usr/include/c++/4.5 --libdir=/usr/lib/i386-linux-gnu --enable-nls --with-sysroot=/ --enable-clocale=gnu --enable-libstdcxx-debug --enable-libstdcxx-time=yes --enable-plugin --enable-gold --enable-ld=default --with-plugin-ld=ld.gold --enable-objc-gc --enable-targets=all --disable-werror --with-arch-32=i686 --with-tune=generic --enable-checking=release --build=i686-linux-gnu --host=i686-linux-gnu --target=i686-linux-gnu
Thread model: posix
gcc version 4.5.2 (Ubuntu/Linaro 4.5.2-8ubuntu4) 
configure:3382: $? = 0
configure:3389: gcc -V >&5
gcc: '-V' option must have argument
configure:3392: $? = 1
configure:3415: checking for C compiler default output file name
configure:3442: gcc    conftest.c  >&5
configure:3445: $? = 0
configure:3491: result: a.out
configure:3496: checking whether the C compiler works
configure:3506: ./a.out
configure:3509: $? = 0
configure:3526: result: yes
configure:3533: checking whether we are cross compiling
configure:3535: result: no
configure:3538: checking for suffix of executables
configure:3545: gcc -o conftest    conftest.c  >&5
configure:3548: $? = 0
configure:3572: result: 
configure:3578: checking for suffix of object files
configure:3604: gcc -c   conftest.c >&5
configure:3607: $? = 0
configure:3630: result: o
configure:3634: checking whether we are using the GNU C compiler
configure:3663: gcc -c   conftest.c >&5
configure:3669: $? = 0
configure:3676: test -z "$ac_c_werror_flag" || test ! -s conftest.err
configure:3679: $? = 0
configure:3686: test -s conftest.o
configure:3689: $? = 0
configure:3703: result: yes
configure:3708: checking whether gcc accepts -g
configure:3738: gcc -c -g  conftest.c >&5
configure:3744: $? = 0
configure:3751: test -z "$ac_c_werror_flag" || test ! -s conftest.err
configure:3754: $? = 0
configure:3761: test -s conftest.o
configure:3764: $? = 0
configure:3894: result: yes
configure:3911: checking for gcc option to accept ISO C89
configure:3985: gcc  -c -g -O2  conftest.c >&5
configure:3991: $? = 0
configure:3998: test -z "$ac_c_werror_flag" || test ! -s conftest.err
configure:4001: $? = 0
configure:4008: test -s conftest.o
configure:4011: $? = 0
configure:4031: result: none needed
configure:4051: checking dependency style of gcc
configure:4141: result: none
configure:4164: checking for gnatgcc
configure:4180: found /usr/bin/gnatgcc
configure:4191: result: gnatgcc
configure:4209: checking for gnatchop
configure:4225: found /usr/bin/gnatchop
configure:4236: result: gnatchop
configure:4246: checking if the Ada compiler works
configure:4261: cd conftest && gnatchop -q src.ada && gnatgcc -c check.adb > /dev/null 2>../conftest.out
configure:4264: $? = 0
configure:4267: result: yes
configure:4283: checking for gnatmake
configure:4299: found /usr/bin/gnatmake
configure:4310: result: gnatmake
configure:4328: checking if the Ada compiler works
configure:4343: cd conftest && gnatchop -q src.ada && gnatgcc -c check.adb > /dev/null 2>../conftest.out
configure:4346: $? = 0
configure:4349: result: yes
configure:4362: checking for gnatclean
configure:4378: found /usr/bin/gnatclean
configure:4389: result: gnatclean
configure:4447: checking for ocarina-config
configure:4478: result: /usr/ocarina2.0w/bin/ocarina-config
configure:4602: checking for polyorb-config
configure:4633: result: no
configure:4673: WARNING: 	PolyORB 2.2 or later is not installed on your system.
			The Ocarina PolyORB runtime will not be installed on
			your system.
configure:4889: creating ./config.status

## ---------------------- ##
## Running config.status. ##
## ---------------------- ##

This file was extended by PolyORB-QoS/Ada config.status 1.0w, which was
generated by GNU Autoconf 2.60.  Invocation command line was

  CONFIG_FILES    = 
  CONFIG_HEADERS  = 
  CONFIG_LINKS    = 
  CONFIG_COMMANDS = 
  $ ./config.status 

on poilon-ubuntu

config.status:669: creating Makefile
config.status:669: creating doc/Makefile
config.status:669: creating examples/Makefile
config.status:669: creating examples/bbs/Makefile
config.status:669: creating examples/bintree/Makefile
config.status:669: creating examples/man_in_the_middle/Makefile
config.status:669: creating examples/producer_consumer/Makefile
config.status:669: creating examples/ring/Makefile
config.status:669: creating examples/shared/Makefile
config.status:669: creating examples/hybrid_subprogram/Makefile
config.status:669: creating examples/priorities/Makefile
config.status:669: creating examples/import/Makefile
config.status:669: creating examples/monolithic/Makefile
config.status:669: creating src/Makefile
config.status:669: creating support/gendoc.py
config.status:669: creating support/Makefile
config.status:854: executing depfiles commands
configure:6033: %%%%%%%%%%%%%%%%%%%%%%%%%%%%%%%%%%%%%%%%%%%%%%%%%%%%%%%%%%%
configure:6035: PolyORB-QoS/Ada configuration is complete!
configure:6037: GNU make command name: "make"
configure:6039: %%%%%%%%%%%%%%%%%%%%%%%%%%%%%%%%%%%%%%%%%%%%%%%%%%%%%%%%%%%

## ---------------- ##
## Cache variables. ##
## ---------------- ##

ac_cv_build=i686-pc-linux-gnu
ac_cv_c_compiler_gnu=yes
ac_cv_env_CC_set=
ac_cv_env_CC_value=
ac_cv_env_CFLAGS_set=
ac_cv_env_CFLAGS_value=
ac_cv_env_CPPFLAGS_set=
ac_cv_env_CPPFLAGS_value=
ac_cv_env_LDFLAGS_set=
ac_cv_env_LDFLAGS_value=
ac_cv_env_build_alias_set=
ac_cv_env_build_alias_value=
ac_cv_env_host_alias_set=
ac_cv_env_host_alias_value=
ac_cv_env_target_alias_set=
ac_cv_env_target_alias_value=
ac_cv_host=i686-pc-linux-gnu
ac_cv_objext=o
ac_cv_path_OCARINA_CONFIG=/usr/ocarina2.0w/bin/ocarina-config
ac_cv_path_POLYORB_CONFIG=no
ac_cv_path_PYTHON=/usr/bin/python
ac_cv_path_install='/usr/bin/install -c'
ac_cv_prog_ADA=gnatgcc
ac_cv_prog_AWK=mawk
ac_cv_prog_CHMOD=chmod
ac_cv_prog_CP=cp
ac_cv_prog_GNATCHOP=gnatchop
ac_cv_prog_GNATCLEAN=gnatclean
ac_cv_prog_GNATMAKE=gnatmake
ac_cv_prog_GNU_MAKE=make
ac_cv_prog_GREP=grep
ac_cv_prog_MV=mv
ac_cv_prog_RM=rm
ac_cv_prog_ac_ct_CC=gcc
ac_cv_prog_ac_ct_RANLIB=ranlib
ac_cv_prog_cc_c89=
ac_cv_prog_cc_g=yes
ac_cv_prog_make_make_set=yes
ac_cv_target=i686-pc-linux-gnu
am_cv_CC_dependencies_compiler_type=none
am_cv_prog_tar_pax=gnutar
am_cv_python_platform=linux2
am_cv_python_pyexecdir='${exec_prefix}/lib/python2.7/site-packages'
am_cv_python_pythondir='${prefix}/lib/python2.7/site-packages'
am_cv_python_version=2.7

## ----------------- ##
## Output variables. ##
## ----------------- ##

ACLOCAL='${SHELL} /home/poilon/goinfre/mini-pfe/ocarina-2.0w/resources/runtime/polyorb-qos-ada/support/missing --run aclocal-1.9'
ADA='gnatgcc'
AMDEPBACKSLASH='\'
AMDEP_FALSE='#'
AMDEP_TRUE=''
AMTAR='${SHELL} /home/poilon/goinfre/mini-pfe/ocarina-2.0w/resources/runtime/polyorb-qos-ada/support/missing --run tar'
AUTOCONF='${SHELL} /home/poilon/goinfre/mini-pfe/ocarina-2.0w/resources/runtime/polyorb-qos-ada/support/missing --run autoconf'
AUTOHEADER='${SHELL} /home/poilon/goinfre/mini-pfe/ocarina-2.0w/resources/runtime/polyorb-qos-ada/support/missing --run autoheader'
AUTOMAKE='${SHELL} /home/poilon/goinfre/mini-pfe/ocarina-2.0w/resources/runtime/polyorb-qos-ada/support/missing --run automake-1.9'
AWK='mawk'
BIBTEX=''
CC='gcc'
CCDEPMODE='depmode=none'
CFLAGS='-g -O2'
CHMOD='chmod'
CP='cp'
CPPFLAGS=''
CYGPATH_U='echo'
CYGPATH_W='echo'
DEBUG_FALSE='#'
DEBUG_TRUE=''
DEFS='-DPACKAGE_NAME=\"PolyORB-QoS/Ada\" -DPACKAGE_TARNAME=\"polyorb-qos-ada\" -DPACKAGE_VERSION=\"1.0w\" -DPACKAGE_STRING=\"PolyORB-QoS/Ada\ 1.0w\" -DPACKAGE_BUGREPORT=\"aadl-devel@listes.enst.fr\" -DPACKAGE=\"polyorb-qos-ada\" -DVERSION=\"1.0w\"'
DEPDIR='.deps'
ECHO_C=''
ECHO_N='-n'
ECHO_T=''
EXEEXT=''
GNATCHOP='gnatchop'
GNATCLEAN='gnatclean'
GNATFLAGS='-XBUILD=debug'
GNATMAKE='gnatmake'
GNU_MAKE='make'
GREP='grep'
INSTALL_DATA='${INSTALL} -m 644'
INSTALL_PROGRAM='${INSTALL}'
INSTALL_SCRIPT='${INSTALL}'
INSTALL_STRIP_PROGRAM='${SHELL} $(install_sh) -c -s'
LDFLAGS=''
LIBOBJS=''
LIBS=''
LTLIBOBJS=''
MAKEINFO='${SHELL} /home/poilon/goinfre/mini-pfe/ocarina-2.0w/resources/runtime/polyorb-qos-ada/support/missing --run makeinfo'
MV='mv'
OBJEXT='o'
OCARINA_ADAFLAGS='false'
OCARINA_CONFIG='/usr/ocarina2.0w/bin/ocarina-config'
OCARINA_LIBS='flase'
OCARINA_PREFIX='/usr/ocarina2.0w'
OCARINA_RESOURCES='/usr/ocarina2.0w/share/ocarina'
OCARINA_RUNTIME='/usr/ocarina2.0w/include/ocarina/runtime'
PACKAGE='polyorb-qos-ada'
PACKAGE_BUGREPORT='aadl-devel@listes.enst.fr'
PACKAGE_NAME='PolyORB-QoS/Ada'
PACKAGE_STRING='PolyORB-QoS/Ada 1.0w'
PACKAGE_TARNAME='polyorb-qos-ada'
PACKAGE_VERSION='1.0w'
PATH_SEPARATOR=':'
POLYORB_ADAFLAGS=''
POLYORB_CONFIG='no'
POLYORB_IDLFLAGS=''
POLYORB_LIBS=''
PYTHON='/usr/bin/python'
PYTHON_EXEC_PREFIX='${exec_prefix}'
PYTHON_PLATFORM='linux2'
PYTHON_PREFIX='${prefix}'
PYTHON_VERSION='2.7'
RANLIB='ranlib'
RM='rm'
SET_MAKE=''
SHELL='/bin/bash'
STRIP=''
TEX=''
VERSION='1.0w'
WARNINGS_ARE_ERRORS=''
WINDOWS_FALSE=''
WINDOWS_TRUE='#'
ac_ct_CC='gcc'
am__fastdepCC_FALSE=''
am__fastdepCC_TRUE='#'
am__include='include'
am__leading_dot='.'
am__quote=''
am__tar='tar --format=posix -chf - "$$tardir"'
am__untar='tar -xf -'
bindir='${exec_prefix}/bin'
build='i686-pc-linux-gnu'
build_alias=''
build_cpu='i686'
build_os='linux-gnu'
build_vendor='pc'
datadir='${datarootdir}'
datarootdir='${prefix}/share'
docdir='${datarootdir}/doc/${PACKAGE_TARNAME}'
dvidir='${docdir}'
exec_prefix='${prefix}'
host='i686-pc-linux-gnu'
host_alias=''
host_cpu='i686'
host_os='linux-gnu'
host_vendor='pc'
htmldir='${docdir}'
includedir='${prefix}/include'
infodir='${datarootdir}/info'
install_sh='/home/poilon/goinfre/mini-pfe/ocarina-2.0w/resources/runtime/polyorb-qos-ada/support/install-sh'
libdir='${exec_prefix}/lib'
libexecdir='${exec_prefix}/libexec'
localedir='${datarootdir}/locale'
localstatedir='${prefix}/var'
mandir='${datarootdir}/man'
mkdir_p='mkdir -p --'
oldincludedir='/usr/include'
pdfdir='${docdir}'
pkgpyexecdir='${pyexecdir}/polyorb-qos-ada'
pkgpythondir='${pythondir}/polyorb-qos-ada'
prefix='$(OCARINA_PREFIX)'
program_transform_name='s,x,x,'
psdir='${docdir}'
pyexecdir='${exec_prefix}/lib/python2.7/site-packages'
pythondir='${prefix}/lib/python2.7/site-packages'
sbindir='${exec_prefix}/sbin'
sharedstatedir='${prefix}/com'
sysconfdir='${prefix}/etc'
target='i686-pc-linux-gnu'
target_alias=''
target_cpu='i686'
target_os='linux-gnu'
target_vendor='pc'

## ----------- ##
## confdefs.h. ##
## ----------- ##

#define PACKAGE_NAME "PolyORB-QoS/Ada"
#define PACKAGE_TARNAME "polyorb-qos-ada"
#define PACKAGE_VERSION "1.0w"
#define PACKAGE_STRING "PolyORB-QoS/Ada 1.0w"
#define PACKAGE_BUGREPORT "aadl-devel@listes.enst.fr"
#define PACKAGE "polyorb-qos-ada"
#define VERSION "1.0w"

configure: exit 0
