This file contains any messages produced by compilers while
running configure, to aid debugging if configure makes a mistake.

It was created by PolyORB-HI/C configure 1.0w, which was
generated by GNU Autoconf 2.60.  Invocation command line was

  $ /home/poilon/goinfre/mini-pfe/ocarina-2.0w/resources/runtime/polyorb-hi-c/configure --enable-debug --with-ocarina-prefix=/usr/ocarina2.0w --disable-ocarina-version-check

## --------- ##
## Platform. ##
## --------- ##

hostname = poilon-ubuntu
uname -m = i686
uname -r = 2.6.38-8-generic-pae
uname -s = Linux
uname -v = #42-Ubuntu SMP Mon Apr 11 05:17:09 UTC 2011

/usr/bin/uname -p = unknown
/bin/uname -X     = unknown

/bin/arch              = unknown
/usr/bin/arch -k       = unknown
/usr/convex/getsysinfo = unknown
/usr/bin/hostinfo      = unknown
/bin/machine           = unknown
/usr/bin/oslevel       = unknown
/bin/universe          = unknown

PATH: /home/poilon/goinfre/mini-pfe/bin
PATH: /usr/gnat/bin
PATH: /usr/local/sbin
PATH: /usr/local/bin
PATH: /usr/sbin
PATH: /usr/bin
PATH: /sbin
PATH: /bin
PATH: /usr/games


## ----------- ##
## Core tests. ##
## ----------- ##

configure:1788: checking build system type
configure:1806: result: i686-pc-linux-gnu
configure:1828: checking host system type
configure:1843: result: i686-pc-linux-gnu
configure:1879: checking for a BSD-compatible install
configure:1935: result: /usr/bin/install -c
configure:1946: checking whether build environment is sane
configure:1989: result: yes
configure:2054: checking for gawk
configure:2084: result: no
configure:2054: checking for mawk
configure:2070: found /usr/bin/mawk
configure:2081: result: mawk
configure:2092: checking whether make sets $(MAKE)
configure:2113: result: yes
configure:2292: checking how to create a pax tar archive
configure:2305: tar --version
tar (GNU tar) 1.25
Copyright (C) 2010 Free Software Foundation, Inc.
License GPLv3+: GNU GPL version 3 or later <http://gnu.org/licenses/gpl.html>.
This is free software: you are free to change and redistribute it.
There is NO WARRANTY, to the extent permitted by law.

Written by John Gilmore and Jay Fenlason.
configure:2308: $? = 0
configure:2348: tardir=conftest.dir && eval tar --format=posix -chf - "$tardir" >conftest.tar
configure:2351: $? = 0
configure:2355: tar -xf - <conftest.tar
configure:2358: $? = 0
configure:2371: result: gnutar
configure:2430: checking for gcc
configure:2446: found /usr/bin/gcc
configure:2457: result: gcc
configure:2695: checking for C compiler version
configure:2702: gcc --version >&5
gcc (Ubuntu/Linaro 4.5.2-8ubuntu4) 4.5.2
Copyright (C) 2010 Free Software Foundation, Inc.
This is free software; see the source for copying conditions.  There is NO
warranty; not even for MERCHANTABILITY or FITNESS FOR A PARTICULAR PURPOSE.

configure:2705: $? = 0
configure:2712: gcc -v >&5
Using built-in specs.
COLLECT_GCC=gcc
COLLECT_LTO_WRAPPER=/usr/lib/i386-linux-gnu/gcc/i686-linux-gnu/4.5.2/lto-wrapper
Target: i686-linux-gnu
Configured with: ../src/configure -v --with-pkgversion='Ubuntu/Linaro 4.5.2-8ubuntu4' --with-bugurl=file:///usr/share/doc/gcc-4.5/README.Bugs --enable-languages=c,c++,fortran,objc,obj-c++ --prefix=/usr --program-suffix=-4.5 --enable-shared --enable-multiarch --with-multiarch-defaults=i386-linux-gnu --enable-linker-build-id --with-system-zlib --libexecdir=/usr/lib/i386-linux-gnu --without-included-gettext --enable-threads=posix --with-gxx-include-dir=/usr/include/c++/4.5 --libdir=/usr/lib/i386-linux-gnu --enable-nls --with-sysroot=/ --enable-clocale=gnu --enable-libstdcxx-debug --enable-libstdcxx-time=yes --enable-plugin --enable-gold --enable-ld=default --with-plugin-ld=ld.gold --enable-objc-gc --enable-targets=all --disable-werror --with-arch-32=i686 --with-tune=generic --enable-checking=release --build=i686-linux-gnu --host=i686-linux-gnu --target=i686-linux-gnu
Thread model: posix
gcc version 4.5.2 (Ubuntu/Linaro 4.5.2-8ubuntu4) 
configure:2715: $? = 0
configure:2722: gcc -V >&5
gcc: '-V' option must have argument
configure:2725: $? = 1
configure:2748: checking for C compiler default output file name
configure:2775: gcc -Wall -O   conftest.c  >&5
configure:2778: $? = 0
configure:2824: result: a.out
configure:2829: checking whether the C compiler works
configure:2839: ./a.out
configure:2842: $? = 0
configure:2859: result: yes
configure:2866: checking whether we are cross compiling
configure:2868: result: no
configure:2871: checking for suffix of executables
configure:2878: gcc -o conftest -Wall -O   conftest.c  >&5
configure:2881: $? = 0
configure:2905: result: 
configure:2911: checking for suffix of object files
configure:2937: gcc -c -Wall -O  conftest.c >&5
configure:2940: $? = 0
configure:2963: result: o
configure:2967: checking whether we are using the GNU C compiler
configure:2996: gcc -c -Wall -O  conftest.c >&5
configure:3002: $? = 0
configure:3009: test -z "$ac_c_werror_flag" || test ! -s conftest.err
configure:3012: $? = 0
configure:3019: test -s conftest.o
configure:3022: $? = 0
configure:3036: result: yes
configure:3041: checking whether gcc accepts -g
configure:3071: gcc -c -g  conftest.c >&5
configure:3077: $? = 0
configure:3084: test -z "$ac_c_werror_flag" || test ! -s conftest.err
configure:3087: $? = 0
configure:3094: test -s conftest.o
configure:3097: $? = 0
configure:3227: result: yes
configure:3244: checking for gcc option to accept ISO C89
configure:3318: gcc  -c -Wall -O  conftest.c >&5
configure:3324: $? = 0
configure:3331: test -z "$ac_c_werror_flag" || test ! -s conftest.err
configure:3334: $? = 0
configure:3341: test -s conftest.o
configure:3344: $? = 0
configure:3364: result: none needed
configure:3393: checking for style of include used by make
configure:3421: result: GNU
configure:3449: checking dependency style of gcc
configure:3539: result: none
configure:3575: checking for a BSD-compatible install
configure:3631: result: /usr/bin/install -c
configure:3648: checking for mv
configure:3664: found /bin/mv
configure:3675: result: mv
configure:3685: checking for rm
configure:3701: found /bin/rm
configure:3712: result: rm
configure:3722: checking for cp
configure:3738: found /bin/cp
configure:3749: result: cp
configure:3759: checking for grep
configure:3775: found /bin/grep
configure:3786: result: grep
configure:3796: checking for chmod
configure:3812: found /bin/chmod
configure:3823: result: chmod
configure:3833: checking for tex
configure:3863: result: no
configure:3870: checking for bibtex
configure:3900: result: no
configure:3912: checking how to run the C preprocessor
configure:3952: gcc -E  conftest.c
configure:3958: $? = 0
configure:3996: gcc -E  conftest.c
conftest.c:10:28: fatal error: ac_nonexistent.h: No such file or directory
compilation terminated.
configure:4002: $? = 1
configure: failed program was:
| /* confdefs.h.  */
| #define PACKAGE_NAME "PolyORB-HI/C"
| #define PACKAGE_TARNAME "polyorb-hi-c"
| #define PACKAGE_VERSION "1.0w"
| #define PACKAGE_STRING "PolyORB-HI/C 1.0w"
| #define PACKAGE_BUGREPORT "polyorb-hi-devel@listes.enst.fr"
| #define PACKAGE "polyorb-hi-c"
| #define VERSION "1.0w"
| /* end confdefs.h.  */
| #include <ac_nonexistent.h>
configure:4042: result: gcc -E
configure:4071: gcc -E  conftest.c
configure:4077: $? = 0
configure:4115: gcc -E  conftest.c
conftest.c:10:28: fatal error: ac_nonexistent.h: No such file or directory
compilation terminated.
configure:4121: $? = 1
configure: failed program was:
| /* confdefs.h.  */
| #define PACKAGE_NAME "PolyORB-HI/C"
| #define PACKAGE_TARNAME "polyorb-hi-c"
| #define PACKAGE_VERSION "1.0w"
| #define PACKAGE_STRING "PolyORB-HI/C 1.0w"
| #define PACKAGE_BUGREPORT "polyorb-hi-devel@listes.enst.fr"
| #define PACKAGE "polyorb-hi-c"
| #define VERSION "1.0w"
| /* end confdefs.h.  */
| #include <ac_nonexistent.h>
configure:4166: checking for grep that handles long lines and -e
configure:4240: result: grep
configure:4245: checking for egrep
configure:4323: result: grep -E
configure:4328: checking for ANSI C header files
configure:4358: gcc -c -Wall -O  conftest.c >&5
configure:4364: $? = 0
configure:4371: test -z "$ac_c_werror_flag" || test ! -s conftest.err
configure:4374: $? = 0
configure:4381: test -s conftest.o
configure:4384: $? = 0
configure:4480: gcc -o conftest -Wall -O   conftest.c  >&5
configure:4483: $? = 0
configure:4489: ./conftest
configure:4492: $? = 0
configure:4509: result: yes
configure:4533: checking for sys/types.h
configure:4554: gcc -c -Wall -O  conftest.c >&5
configure:4560: $? = 0
configure:4567: test -z "$ac_c_werror_flag" || test ! -s conftest.err
configure:4570: $? = 0
configure:4577: test -s conftest.o
configure:4580: $? = 0
configure:4593: result: yes
configure:4533: checking for sys/stat.h
configure:4554: gcc -c -Wall -O  conftest.c >&5
configure:4560: $? = 0
configure:4567: test -z "$ac_c_werror_flag" || test ! -s conftest.err
configure:4570: $? = 0
configure:4577: test -s conftest.o
configure:4580: $? = 0
configure:4593: result: yes
configure:4533: checking for stdlib.h
configure:4554: gcc -c -Wall -O  conftest.c >&5
configure:4560: $? = 0
configure:4567: test -z "$ac_c_werror_flag" || test ! -s conftest.err
configure:4570: $? = 0
configure:4577: test -s conftest.o
configure:4580: $? = 0
configure:4593: result: yes
configure:4533: checking for string.h
configure:4554: gcc -c -Wall -O  conftest.c >&5
configure:4560: $? = 0
configure:4567: test -z "$ac_c_werror_flag" || test ! -s conftest.err
configure:4570: $? = 0
configure:4577: test -s conftest.o
configure:4580: $? = 0
configure:4593: result: yes
configure:4533: checking for memory.h
configure:4554: gcc -c -Wall -O  conftest.c >&5
configure:4560: $? = 0
configure:4567: test -z "$ac_c_werror_flag" || test ! -s conftest.err
configure:4570: $? = 0
configure:4577: test -s conftest.o
configure:4580: $? = 0
configure:4593: result: yes
configure:4533: checking for strings.h
configure:4554: gcc -c -Wall -O  conftest.c >&5
configure:4560: $? = 0
configure:4567: test -z "$ac_c_werror_flag" || test ! -s conftest.err
configure:4570: $? = 0
configure:4577: test -s conftest.o
configure:4580: $? = 0
configure:4593: result: yes
configure:4533: checking for inttypes.h
configure:4554: gcc -c -Wall -O  conftest.c >&5
configure:4560: $? = 0
configure:4567: test -z "$ac_c_werror_flag" || test ! -s conftest.err
configure:4570: $? = 0
configure:4577: test -s conftest.o
configure:4580: $? = 0
configure:4593: result: yes
configure:4533: checking for stdint.h
configure:4554: gcc -c -Wall -O  conftest.c >&5
configure:4560: $? = 0
configure:4567: test -z "$ac_c_werror_flag" || test ! -s conftest.err
configure:4570: $? = 0
configure:4577: test -s conftest.o
configure:4580: $? = 0
configure:4593: result: yes
configure:4533: checking for unistd.h
configure:4554: gcc -c -Wall -O  conftest.c >&5
configure:4560: $? = 0
configure:4567: test -z "$ac_c_werror_flag" || test ! -s conftest.err
configure:4570: $? = 0
configure:4577: test -s conftest.o
configure:4580: $? = 0
configure:4593: result: yes
configure:4605: checking for stdbool.h that conforms to C99
configure:4698: gcc -c -Wall -O  conftest.c >&5
conftest.c:47:2: warning: the address of 's' will always evaluate as 'true'
conftest.c: In function 'main':
conftest.c:89:10: warning: the address of 'a' will always evaluate as 'true'
conftest.c:89:15: warning: the address of 'b' will always evaluate as 'true'
conftest.c:89:20: warning: the address of 'c' will always evaluate as 'true'
conftest.c:89:25: warning: the address of 'd' will always evaluate as 'true'
conftest.c:89:35: warning: the address of 'f' will always evaluate as 'true'
conftest.c:89:40: warning: the address of 'g' will always evaluate as 'true'
conftest.c:89:45: warning: the address of 'h' will always evaluate as 'true'
conftest.c:89:50: warning: the address of 'i' will always evaluate as 'true'
conftest.c:90:10: warning: the address of 'n' will always evaluate as 'true'
conftest.c:90:15: warning: the address of 'o' will always evaluate as 'true'
conftest.c:90:20: warning: the address of 'p' will always evaluate as 'true'
configure:4704: $? = 0
configure:4711: test -z "$ac_c_werror_flag" || test ! -s conftest.err
configure:4714: $? = 0
configure:4721: test -s conftest.o
configure:4724: $? = 0
configure:4736: result: yes
configure:4738: checking for _Bool
configure:4768: gcc -c -Wall -O  conftest.c >&5
configure:4774: $? = 0
configure:4781: test -z "$ac_c_werror_flag" || test ! -s conftest.err
configure:4784: $? = 0
configure:4791: test -s conftest.o
configure:4794: $? = 0
configure:4806: result: yes
configure:4826: checking for char
configure:4856: gcc -c -Wall -O  conftest.c >&5
configure:4862: $? = 0
configure:4869: test -z "$ac_c_werror_flag" || test ! -s conftest.err
configure:4872: $? = 0
configure:4879: test -s conftest.o
configure:4882: $? = 0
configure:4894: result: yes
configure:4897: checking size of char
configure:5285: gcc -o conftest -Wall -O   conftest.c  >&5
configure:5288: $? = 0
configure:5294: ./conftest
configure:5297: $? = 0
configure:5319: result: 1
configure:5326: checking for float
configure:5356: gcc -c -Wall -O  conftest.c >&5
configure:5362: $? = 0
configure:5369: test -z "$ac_c_werror_flag" || test ! -s conftest.err
configure:5372: $? = 0
configure:5379: test -s conftest.o
configure:5382: $? = 0
configure:5394: result: yes
configure:5397: checking size of float
configure:5785: gcc -o conftest -Wall -O   conftest.c  >&5
configure:5788: $? = 0
configure:5794: ./conftest
configure:5797: $? = 0
configure:5819: result: 4
configure:5826: checking for double
configure:5856: gcc -c -Wall -O  conftest.c >&5
configure:5862: $? = 0
configure:5869: test -z "$ac_c_werror_flag" || test ! -s conftest.err
configure:5872: $? = 0
configure:5879: test -s conftest.o
configure:5882: $? = 0
configure:5894: result: yes
configure:5897: checking size of double
configure:6285: gcc -o conftest -Wall -O   conftest.c  >&5
configure:6288: $? = 0
configure:6294: ./conftest
configure:6297: $? = 0
configure:6319: result: 8
configure:6326: checking for long double
configure:6356: gcc -c -Wall -O  conftest.c >&5
configure:6362: $? = 0
configure:6369: test -z "$ac_c_werror_flag" || test ! -s conftest.err
configure:6372: $? = 0
configure:6379: test -s conftest.o
configure:6382: $? = 0
configure:6394: result: yes
configure:6397: checking size of long double
configure:6785: gcc -o conftest -Wall -O   conftest.c  >&5
configure:6788: $? = 0
configure:6794: ./conftest
configure:6797: $? = 0
configure:6819: result: 12
configure:6826: checking for int
configure:6856: gcc -c -Wall -O  conftest.c >&5
configure:6862: $? = 0
configure:6869: test -z "$ac_c_werror_flag" || test ! -s conftest.err
configure:6872: $? = 0
configure:6879: test -s conftest.o
configure:6882: $? = 0
configure:6894: result: yes
configure:6897: checking size of int
configure:7285: gcc -o conftest -Wall -O   conftest.c  >&5
configure:7288: $? = 0
configure:7294: ./conftest
configure:7297: $? = 0
configure:7319: result: 4
configure:7326: checking for unsigned int
configure:7356: gcc -c -Wall -O  conftest.c >&5
configure:7362: $? = 0
configure:7369: test -z "$ac_c_werror_flag" || test ! -s conftest.err
configure:7372: $? = 0
configure:7379: test -s conftest.o
configure:7382: $? = 0
configure:7394: result: yes
configure:7397: checking size of unsigned int
configure:7785: gcc -o conftest -Wall -O   conftest.c  >&5
configure:7788: $? = 0
configure:7794: ./conftest
configure:7797: $? = 0
configure:7819: result: 4
configure:7826: checking for long int
configure:7856: gcc -c -Wall -O  conftest.c >&5
configure:7862: $? = 0
configure:7869: test -z "$ac_c_werror_flag" || test ! -s conftest.err
configure:7872: $? = 0
configure:7879: test -s conftest.o
configure:7882: $? = 0
configure:7894: result: yes
configure:7897: checking size of long int
configure:8285: gcc -o conftest -Wall -O   conftest.c  >&5
configure:8288: $? = 0
configure:8294: ./conftest
configure:8297: $? = 0
configure:8319: result: 4
configure:8326: checking for unsigned long int
configure:8356: gcc -c -Wall -O  conftest.c >&5
configure:8362: $? = 0
configure:8369: test -z "$ac_c_werror_flag" || test ! -s conftest.err
configure:8372: $? = 0
configure:8379: test -s conftest.o
configure:8382: $? = 0
configure:8394: result: yes
configure:8397: checking size of unsigned long int
configure:8785: gcc -o conftest -Wall -O   conftest.c  >&5
configure:8788: $? = 0
configure:8794: ./conftest
configure:8797: $? = 0
configure:8819: result: 4
configure:8826: checking for short int
configure:8856: gcc -c -Wall -O  conftest.c >&5
configure:8862: $? = 0
configure:8869: test -z "$ac_c_werror_flag" || test ! -s conftest.err
configure:8872: $? = 0
configure:8879: test -s conftest.o
configure:8882: $? = 0
configure:8894: result: yes
configure:8897: checking size of short int
configure:9285: gcc -o conftest -Wall -O   conftest.c  >&5
configure:9288: $? = 0
configure:9294: ./conftest
configure:9297: $? = 0
configure:9319: result: 2
configure:9326: checking for unsigned short int
configure:9356: gcc -c -Wall -O  conftest.c >&5
configure:9362: $? = 0
configure:9369: test -z "$ac_c_werror_flag" || test ! -s conftest.err
configure:9372: $? = 0
configure:9379: test -s conftest.o
configure:9382: $? = 0
configure:9394: result: yes
configure:9397: checking size of unsigned short int
configure:9785: gcc -o conftest -Wall -O   conftest.c  >&5
configure:9788: $? = 0
configure:9794: ./conftest
configure:9797: $? = 0
configure:9819: result: 2
configure:9827: checking for clock_gettime
configure:9883: gcc -o conftest -Wall -O   conftest.c  >&5
/tmp/cc5rtLmv.o: In function `main':
conftest.c:(.text+0x7): undefined reference to `clock_gettime'
collect2: ld returned 1 exit status
configure:9889: $? = 1
configure: failed program was:
| /* confdefs.h.  */
| #define PACKAGE_NAME "PolyORB-HI/C"
| #define PACKAGE_TARNAME "polyorb-hi-c"
| #define PACKAGE_VERSION "1.0w"
| #define PACKAGE_STRING "PolyORB-HI/C 1.0w"
| #define PACKAGE_BUGREPORT "polyorb-hi-devel@listes.enst.fr"
| #define PACKAGE "polyorb-hi-c"
| #define VERSION "1.0w"
| #define STDC_HEADERS 1
| #define HAVE_SYS_TYPES_H 1
| #define HAVE_SYS_STAT_H 1
| #define HAVE_STDLIB_H 1
| #define HAVE_STRING_H 1
| #define HAVE_MEMORY_H 1
| #define HAVE_STRINGS_H 1
| #define HAVE_INTTYPES_H 1
| #define HAVE_STDINT_H 1
| #define HAVE_UNISTD_H 1
| #define HAVE__BOOL 1
| #define HAVE_STDBOOL_H 1
| #define SIZEOF_CHAR 1
| #define SIZEOF_FLOAT 4
| #define SIZEOF_DOUBLE 8
| #define SIZEOF_LONG_DOUBLE 12
| #define SIZEOF_INT 4
| #define SIZEOF_UNSIGNED_INT 4
| #define SIZEOF_LONG_INT 4
| #define SIZEOF_UNSIGNED_LONG_INT 4
| #define SIZEOF_SHORT_INT 2
| #define SIZEOF_UNSIGNED_SHORT_INT 2
| /* end confdefs.h.  */
| /* Define clock_gettime to an innocuous variant, in case <limits.h> declares clock_gettime.
|    For example, HP-UX 11i <limits.h> declares gettimeofday.  */
| #define clock_gettime innocuous_clock_gettime
| 
| /* System header to define __stub macros and hopefully few prototypes,
|     which can conflict with char clock_gettime (); below.
|     Prefer <limits.h> to <assert.h> if __STDC__ is defined, since
|     <limits.h> exists even on freestanding compilers.  */
| 
| #ifdef __STDC__
| # include <limits.h>
| #else
| # include <assert.h>
| #endif
| 
| #undef clock_gettime
| 
| /* Override any GCC internal prototype to avoid an error.
|    Use char because int might match the return type of a GCC
|    builtin and then its argument prototype would still apply.  */
| #ifdef __cplusplus
| extern "C"
| #endif
| char clock_gettime ();
| /* The GNU C library defines this for functions which it implements
|     to always fail with ENOSYS.  Some functions are actually named
|     something starting with __ and the normal name is an alias.  */
| #if defined __stub_clock_gettime || defined __stub___clock_gettime
| choke me
| #endif
| 
| int
| main ()
| {
| return clock_gettime ();
|   ;
|   return 0;
| }
configure:9922: result: no
configure:9933: checking whether byte ordering is bigendian
configure:9965: gcc -c -Wall -O  conftest.c >&5
configure:9971: $? = 0
configure:9978: test -z "$ac_c_werror_flag" || test ! -s conftest.err
configure:9981: $? = 0
configure:9988: test -s conftest.o
configure:9991: $? = 0
configure:10020: gcc -c -Wall -O  conftest.c >&5
conftest.c: In function 'main':
conftest.c:39:2: error: 'not' undeclared (first use in this function)
conftest.c:39:2: note: each undeclared identifier is reported only once for each function it appears in
conftest.c:39:6: error: expected ';' before 'big'
configure:10026: $? = 1
configure: failed program was:
| /* confdefs.h.  */
| #define PACKAGE_NAME "PolyORB-HI/C"
| #define PACKAGE_TARNAME "polyorb-hi-c"
| #define PACKAGE_VERSION "1.0w"
| #define PACKAGE_STRING "PolyORB-HI/C 1.0w"
| #define PACKAGE_BUGREPORT "polyorb-hi-devel@listes.enst.fr"
| #define PACKAGE "polyorb-hi-c"
| #define VERSION "1.0w"
| #define STDC_HEADERS 1
| #define HAVE_SYS_TYPES_H 1
| #define HAVE_SYS_STAT_H 1
| #define HAVE_STDLIB_H 1
| #define HAVE_STRING_H 1
| #define HAVE_MEMORY_H 1
| #define HAVE_STRINGS_H 1
| #define HAVE_INTTYPES_H 1
| #define HAVE_STDINT_H 1
| #define HAVE_UNISTD_H 1
| #define HAVE__BOOL 1
| #define HAVE_STDBOOL_H 1
| #define SIZEOF_CHAR 1
| #define SIZEOF_FLOAT 4
| #define SIZEOF_DOUBLE 8
| #define SIZEOF_LONG_DOUBLE 12
| #define SIZEOF_INT 4
| #define SIZEOF_UNSIGNED_INT 4
| #define SIZEOF_LONG_INT 4
| #define SIZEOF_UNSIGNED_LONG_INT 4
| #define SIZEOF_SHORT_INT 2
| #define SIZEOF_UNSIGNED_SHORT_INT 2
| /* end confdefs.h.  */
| #include <sys/types.h>
| #include <sys/param.h>
| 
| int
| main ()
| {
| #if BYTE_ORDER != BIG_ENDIAN
|  not big endian
| #endif
| 
|   ;
|   return 0;
| }
configure:10200: result: no
configure:10242: checking for socket in -lsocket
configure:10277: gcc -o conftest -Wall -O   conftest.c -lsocket   >&5
/usr/bin/ld: cannot find -lsocket
collect2: ld returned 1 exit status
configure:10283: $? = 1
configure: failed program was:
| /* confdefs.h.  */
| #define PACKAGE_NAME "PolyORB-HI/C"
| #define PACKAGE_TARNAME "polyorb-hi-c"
| #define PACKAGE_VERSION "1.0w"
| #define PACKAGE_STRING "PolyORB-HI/C 1.0w"
| #define PACKAGE_BUGREPORT "polyorb-hi-devel@listes.enst.fr"
| #define PACKAGE "polyorb-hi-c"
| #define VERSION "1.0w"
| #define STDC_HEADERS 1
| #define HAVE_SYS_TYPES_H 1
| #define HAVE_SYS_STAT_H 1
| #define HAVE_STDLIB_H 1
| #define HAVE_STRING_H 1
| #define HAVE_MEMORY_H 1
| #define HAVE_STRINGS_H 1
| #define HAVE_INTTYPES_H 1
| #define HAVE_STDINT_H 1
| #define HAVE_UNISTD_H 1
| #define HAVE__BOOL 1
| #define HAVE_STDBOOL_H 1
| #define SIZEOF_CHAR 1
| #define SIZEOF_FLOAT 4
| #define SIZEOF_DOUBLE 8
| #define SIZEOF_LONG_DOUBLE 12
| #define SIZEOF_INT 4
| #define SIZEOF_UNSIGNED_INT 4
| #define SIZEOF_LONG_INT 4
| #define SIZEOF_UNSIGNED_LONG_INT 4
| #define SIZEOF_SHORT_INT 2
| #define SIZEOF_UNSIGNED_SHORT_INT 2
| /* end confdefs.h.  */
| 
| /* Override any GCC internal prototype to avoid an error.
|    Use char because int might match the return type of a GCC
|    builtin and then its argument prototype would still apply.  */
| #ifdef __cplusplus
| extern "C"
| #endif
| char socket ();
| int
| main ()
| {
| return socket ();
|   ;
|   return 0;
| }
configure:10317: result: no
configure:10377: checking for ocarina-config
configure:10408: result: /usr/ocarina2.0w/bin/ocarina-config
configure:10622: creating ./config.status

## ---------------------- ##
## Running config.status. ##
## ---------------------- ##

This file was extended by PolyORB-HI/C config.status 1.0w, which was
generated by GNU Autoconf 2.60.  Invocation command line was

  CONFIG_FILES    = 
  CONFIG_HEADERS  = 
  CONFIG_LINKS    = 
  CONFIG_COMMANDS = 
  $ ./config.status 

on poilon-ubuntu

config.status:687: creating Makefile
config.status:687: creating doc/Makefile
config.status:687: creating src/Makefile
config.status:687: creating include/Makefile
config.status:687: creating examples/Makefile
config.status:687: creating examples/aadlv1/Makefile
config.status:687: creating examples/aadlv1/d3.1.3-1/Makefile
config.status:687: creating examples/aadlv1/ping/Makefile
config.status:687: creating examples/aadlv1/producer-consumer/Makefile
config.status:687: creating examples/aadlv1/flight-mgmt/Makefile
config.status:687: creating examples/aadlv1/rma/Makefile
config.status:687: creating examples/aadlv1/some-types/Makefile
config.status:687: creating examples/aadlv1/some-types-stdint/Makefile
config.status:687: creating examples/aadlv1/sunseeker/Makefile
config.status:687: creating examples/aadlv2/Makefile
config.status:687: creating examples/aadlv2/d3.1.3-1/Makefile
config.status:687: creating examples/aadlv2/import/Makefile
config.status:687: creating examples/aadlv2/ping/Makefile
config.status:687: creating examples/aadlv2/producer-consumer/Makefile
config.status:687: creating examples/aadlv2/flight-mgmt/Makefile
config.status:687: creating examples/aadlv2/rma/Makefile
config.status:687: creating examples/aadlv2/some-types/Makefile
config.status:687: creating examples/aadlv2/some-types-stdint/Makefile
config.status:687: creating examples/aadlv2/sunseeker/Makefile
config.status:687: creating tools/Makefile
config.status:687: creating tools/check-symbols/Makefile
config.status:687: creating tools/check-symbols/examples/Makefile
config.status:687: creating tools/check-symbols/examples/malloc/Makefile
config.status:687: creating tools/check-symbols/examples/strings/Makefile
config.status:687: creating tools/check-symbols/src/Makefile
config.status:687: creating share/Makefile
config.status:687: creating share/cheddar/Makefile
config.status:687: creating share/models/Makefile
config.status:687: creating share/ocarina/Makefile
config.status:687: creating share/tsim/Makefile
config.status:687: creating share/make/Makefile
config.status:687: creating share/make/Makefile.native
config.status:687: creating share/config/Makefile
config.status:687: creating share/config/spif-rtems/Makefile
config.status:687: creating share/config/leon-rtems/Makefile
config.status:687: creating support/Makefile
config.status:687: creating include/po_hi_config.h
config.status:966: executing depfiles commands

## ---------------- ##
## Cache variables. ##
## ---------------- ##

ac_cv_build=i686-pc-linux-gnu
ac_cv_c_bigendian=no
ac_cv_c_compiler_gnu=yes
ac_cv_env_CC_set=
ac_cv_env_CC_value=
ac_cv_env_CFLAGS_set=
ac_cv_env_CFLAGS_value=
ac_cv_env_CPPFLAGS_set=
ac_cv_env_CPPFLAGS_value=
ac_cv_env_CPP_set=
ac_cv_env_CPP_value=
ac_cv_env_LDFLAGS_set=
ac_cv_env_LDFLAGS_value=
ac_cv_env_build_alias_set=
ac_cv_env_build_alias_value=
ac_cv_env_host_alias_set=
ac_cv_env_host_alias_value=
ac_cv_env_target_alias_set=
ac_cv_env_target_alias_value=
ac_cv_func_clock_gettime=no
ac_cv_header_inttypes_h=yes
ac_cv_header_memory_h=yes
ac_cv_header_stdbool_h=yes
ac_cv_header_stdc=yes
ac_cv_header_stdint_h=yes
ac_cv_header_stdlib_h=yes
ac_cv_header_string_h=yes
ac_cv_header_strings_h=yes
ac_cv_header_sys_stat_h=yes
ac_cv_header_sys_types_h=yes
ac_cv_header_unistd_h=yes
ac_cv_host=i686-pc-linux-gnu
ac_cv_lib_socket_socket=no
ac_cv_objext=o
ac_cv_path_EGREP='grep -E'
ac_cv_path_GREP=grep
ac_cv_path_OCARINA_CONFIG=/usr/ocarina2.0w/bin/ocarina-config
ac_cv_path_install='/usr/bin/install -c'
ac_cv_prog_AWK=mawk
ac_cv_prog_CHMOD=chmod
ac_cv_prog_CP=cp
ac_cv_prog_CPP='gcc -E'
ac_cv_prog_GREP=grep
ac_cv_prog_MV=mv
ac_cv_prog_RM=rm
ac_cv_prog_ac_ct_CC=gcc
ac_cv_prog_cc_c89=
ac_cv_prog_cc_g=yes
ac_cv_prog_make_make_set=yes
ac_cv_sizeof_char=1
ac_cv_sizeof_double=8
ac_cv_sizeof_float=4
ac_cv_sizeof_int=4
ac_cv_sizeof_long_double=12
ac_cv_sizeof_long_int=4
ac_cv_sizeof_short_int=2
ac_cv_sizeof_unsigned_int=4
ac_cv_sizeof_unsigned_long_int=4
ac_cv_sizeof_unsigned_short_int=2
ac_cv_type__Bool=yes
ac_cv_type_char=yes
ac_cv_type_double=yes
ac_cv_type_float=yes
ac_cv_type_int=yes
ac_cv_type_long_double=yes
ac_cv_type_long_int=yes
ac_cv_type_short_int=yes
ac_cv_type_unsigned_int=yes
ac_cv_type_unsigned_long_int=yes
ac_cv_type_unsigned_short_int=yes
am_cv_CC_dependencies_compiler_type=none
am_cv_prog_tar_pax=gnutar

## ----------------- ##
## Output variables. ##
## ----------------- ##

ACLOCAL='${SHELL} /home/poilon/goinfre/mini-pfe/ocarina-2.0w/resources/runtime/polyorb-hi-c/support/missing --run aclocal-1.9'
AMDEPBACKSLASH='\'
AMDEP_FALSE='#'
AMDEP_TRUE=''
AMTAR='${SHELL} /home/poilon/goinfre/mini-pfe/ocarina-2.0w/resources/runtime/polyorb-hi-c/support/missing --run tar'
AUTOCONF='${SHELL} /home/poilon/goinfre/mini-pfe/ocarina-2.0w/resources/runtime/polyorb-hi-c/support/missing --run autoconf'
AUTOHEADER='${SHELL} /home/poilon/goinfre/mini-pfe/ocarina-2.0w/resources/runtime/polyorb-hi-c/support/missing --run autoheader'
AUTOMAKE='${SHELL} /home/poilon/goinfre/mini-pfe/ocarina-2.0w/resources/runtime/polyorb-hi-c/support/missing --run automake-1.9'
AWK='mawk'
BIBTEX=''
CC='gcc'
CCDEPMODE='depmode=none'
CFLAGS='-Wall -O'
CHMOD='chmod'
CP='cp'
CPP='gcc -E'
CPPFLAGS=''
CYGPATH_U='echo'
CYGPATH_W='echo'
DEFS='-DHAVE_CONFIG_H'
DEPDIR='.deps'
ECHO_C=''
ECHO_N='-n'
ECHO_T=''
EGREP='grep -E'
EXEEXT=''
GREP='grep'
INSTALL_DATA='${INSTALL} -m 644'
INSTALL_PROGRAM='${INSTALL}'
INSTALL_SCRIPT='${INSTALL}'
INSTALL_STRIP_PROGRAM='${SHELL} $(install_sh) -c -s'
LDFLAGS=''
LIBOBJS=''
LIBS=''
LTLIBOBJS=''
MAKEINFO='${SHELL} /home/poilon/goinfre/mini-pfe/ocarina-2.0w/resources/runtime/polyorb-hi-c/support/missing --run makeinfo'
MV='mv'
NATIVE_CFLAGS='-DPOSIX'
NATIVE_LDFLAGS=' -lpthread -lrt'
OBJEXT='o'
OCARINA_ADAFLAGS='false'
OCARINA_CONFIG='/usr/ocarina2.0w/bin/ocarina-config'
OCARINA_LIBS='flase'
OCARINA_PREFIX='/usr/ocarina2.0w'
OCARINA_RESOURCES='/usr/ocarina2.0w/share/ocarina'
OCARINA_RUNTIME='/usr/ocarina2.0w/include/ocarina/runtime'
PACKAGE='polyorb-hi-c'
PACKAGE_BUGREPORT='polyorb-hi-devel@listes.enst.fr'
PACKAGE_NAME='PolyORB-HI/C'
PACKAGE_STRING='PolyORB-HI/C 1.0w'
PACKAGE_TARNAME='polyorb-hi-c'
PACKAGE_VERSION='1.0w'
PATH_SEPARATOR=':'
RM='rm'
SET_MAKE=''
SHELL='/bin/bash'
SIMULINK_LDFLAGS='-lm'
STRIP=''
TEX=''
VERSION='1.0w'
ac_ct_CC='gcc'
am__fastdepCC_FALSE=''
am__fastdepCC_TRUE='#'
am__include='include'
am__leading_dot='.'
am__quote=''
am__tar='tar --format=posix -chf - "$$tardir"'
am__untar='tar -xf -'
bindir='${exec_prefix}/bin'
build='i686-pc-linux-gnu'
build_alias=''
build_cpu='i686'
build_os='linux-gnu'
build_vendor='pc'
datadir='${datarootdir}'
datarootdir='${prefix}/share'
docdir='${datarootdir}/doc/${PACKAGE_TARNAME}'
dvidir='${docdir}'
exec_prefix='${prefix}'
host='i686-pc-linux-gnu'
host_alias=''
host_cpu='i686'
host_os='linux-gnu'
host_vendor='pc'
htmldir='${docdir}'
includedir='${prefix}/include'
infodir='${datarootdir}/info'
install_sh='/home/poilon/goinfre/mini-pfe/ocarina-2.0w/resources/runtime/polyorb-hi-c/support/install-sh'
libdir='${exec_prefix}/lib'
libexecdir='${exec_prefix}/libexec'
localedir='${datarootdir}/locale'
localstatedir='${prefix}/var'
mandir='${datarootdir}/man'
mkdir_p='mkdir -p --'
oldincludedir='/usr/include'
pdfdir='${docdir}'
prefix='$(OCARINA_PREFIX)'
program_transform_name='s,x,x,'
psdir='${docdir}'
sbindir='${exec_prefix}/sbin'
sharedstatedir='${prefix}/com'
sysconfdir='${prefix}/etc'
target_alias=''

## ----------- ##
## confdefs.h. ##
## ----------- ##

#define PACKAGE_NAME "PolyORB-HI/C"
#define PACKAGE_TARNAME "polyorb-hi-c"
#define PACKAGE_VERSION "1.0w"
#define PACKAGE_STRING "PolyORB-HI/C 1.0w"
#define PACKAGE_BUGREPORT "polyorb-hi-devel@listes.enst.fr"
#define PACKAGE "polyorb-hi-c"
#define VERSION "1.0w"
#define STDC_HEADERS 1
#define HAVE_SYS_TYPES_H 1
#define HAVE_SYS_STAT_H 1
#define HAVE_STDLIB_H 1
#define HAVE_STRING_H 1
#define HAVE_MEMORY_H 1
#define HAVE_STRINGS_H 1
#define HAVE_INTTYPES_H 1
#define HAVE_STDINT_H 1
#define HAVE_UNISTD_H 1
#define HAVE__BOOL 1
#define HAVE_STDBOOL_H 1
#define SIZEOF_CHAR 1
#define SIZEOF_FLOAT 4
#define SIZEOF_DOUBLE 8
#define SIZEOF_LONG_DOUBLE 12
#define SIZEOF_INT 4
#define SIZEOF_UNSIGNED_INT 4
#define SIZEOF_LONG_INT 4
#define SIZEOF_UNSIGNED_LONG_INT 4
#define SIZEOF_SHORT_INT 2
#define SIZEOF_UNSIGNED_SHORT_INT 2
#define __PO_HI_DEBUG

configure: exit 0
