This file contains any messages produced by compilers while
running configure, to aid debugging if configure makes a mistake.

It was created by ocarina configure 2.0w, which was
generated by GNU Autoconf 2.60.  Invocation command line was

  $ ./configure --enable-debug --prefix=/usr/ocarina2.0w

## --------- ##
## Platform. ##
## --------- ##

hostname = poilon-ubuntu
uname -m = i686
uname -r = 2.6.38-8-generic-pae
uname -s = Linux
uname -v = #42-Ubuntu SMP Mon Apr 11 05:17:09 UTC 2011

/usr/bin/uname -p = unknown
/bin/uname -X     = unknown

/bin/arch              = unknown
/usr/bin/arch -k       = unknown
/usr/convex/getsysinfo = unknown
/usr/bin/hostinfo      = unknown
/bin/machine           = unknown
/usr/bin/oslevel       = unknown
/bin/universe          = unknown

PATH: /home/poilon/goinfre/mini-pfe/bin
PATH: /usr/gnat/bin
PATH: /usr/local/sbin
PATH: /usr/local/bin
PATH: /usr/sbin
PATH: /usr/bin
PATH: /sbin
PATH: /bin
PATH: /usr/games


## ----------- ##
## Core tests. ##
## ----------- ##

configure:1799: checking build system type
configure:1817: result: i686-pc-linux-gnu
configure:1839: checking host system type
configure:1854: result: i686-pc-linux-gnu
configure:1876: checking target system type
configure:1891: result: i686-pc-linux-gnu
configure:1933: checking for a BSD-compatible install
configure:1989: result: /usr/bin/install -c
configure:2000: checking whether build environment is sane
configure:2043: result: yes
configure:2108: checking for gawk
configure:2138: result: no
configure:2108: checking for mawk
configure:2124: found /usr/bin/mawk
configure:2135: result: mawk
configure:2146: checking whether make sets $(MAKE)
configure:2167: result: yes
configure:2346: checking how to create a pax tar archive
configure:2359: tar --version
tar (GNU tar) 1.25
Copyright (C) 2010 Free Software Foundation, Inc.
License GPLv3+: GNU GPL version 3 or later <http://gnu.org/licenses/gpl.html>.
This is free software: you are free to change and redistribute it.
There is NO WARRANTY, to the extent permitted by law.

Written by John Gilmore and Jay Fenlason.
configure:2362: $? = 0
configure:2402: tardir=conftest.dir && eval tar --format=posix -chf - "$tardir" >conftest.tar
configure:2405: $? = 0
configure:2409: tar -xf - <conftest.tar
configure:2412: $? = 0
configure:2425: result: gnutar
configure:2439: checking for mv
configure:2455: found /bin/mv
configure:2466: result: mv
configure:2476: checking for rm
configure:2492: found /bin/rm
configure:2503: result: rm
configure:2513: checking for cp
configure:2529: found /bin/cp
configure:2540: result: cp
configure:2550: checking for grep
configure:2566: found /bin/grep
configure:2577: result: grep
configure:2587: checking for chmod
configure:2603: found /bin/chmod
configure:2614: result: chmod
configure:2665: checking for strip
configure:2681: found /usr/bin/strip
configure:2692: result: strip
configure:2761: checking for ranlib
configure:2777: found /usr/bin/ranlib
configure:2788: result: ranlib
configure:2826: checking for style of include used by make
configure:2854: result: GNU
configure:2927: checking for gcc
configure:2943: found /usr/bin/gcc
configure:2954: result: gcc
configure:3192: checking for C compiler version
configure:3199: gcc --version >&5
gcc (Ubuntu/Linaro 4.5.2-8ubuntu4) 4.5.2
Copyright (C) 2010 Free Software Foundation, Inc.
This is free software; see the source for copying conditions.  There is NO
warranty; not even for MERCHANTABILITY or FITNESS FOR A PARTICULAR PURPOSE.

configure:3202: $? = 0
configure:3209: gcc -v >&5
Using built-in specs.
COLLECT_GCC=gcc
COLLECT_LTO_WRAPPER=/usr/lib/i386-linux-gnu/gcc/i686-linux-gnu/4.5.2/lto-wrapper
Target: i686-linux-gnu
Configured with: ../src/configure -v --with-pkgversion='Ubuntu/Linaro 4.5.2-8ubuntu4' --with-bugurl=file:///usr/share/doc/gcc-4.5/README.Bugs --enable-languages=c,c++,fortran,objc,obj-c++ --prefix=/usr --program-suffix=-4.5 --enable-shared --enable-multiarch --with-multiarch-defaults=i386-linux-gnu --enable-linker-build-id --with-system-zlib --libexecdir=/usr/lib/i386-linux-gnu --without-included-gettext --enable-threads=posix --with-gxx-include-dir=/usr/include/c++/4.5 --libdir=/usr/lib/i386-linux-gnu --enable-nls --with-sysroot=/ --enable-clocale=gnu --enable-libstdcxx-debug --enable-libstdcxx-time=yes --enable-plugin --enable-gold --enable-ld=default --with-plugin-ld=ld.gold --enable-objc-gc --enable-targets=all --disable-werror --with-arch-32=i686 --with-tune=generic --enable-checking=release --build=i686-linux-gnu --host=i686-linux-gnu --target=i686-linux-gnu
Thread model: posix
gcc version 4.5.2 (Ubuntu/Linaro 4.5.2-8ubuntu4) 
configure:3212: $? = 0
configure:3219: gcc -V >&5
gcc: '-V' option must have argument
configure:3222: $? = 1
configure:3245: checking for C compiler default output file name
configure:3272: gcc    conftest.c  >&5
configure:3275: $? = 0
configure:3321: result: a.out
configure:3326: checking whether the C compiler works
configure:3336: ./a.out
configure:3339: $? = 0
configure:3356: result: yes
configure:3363: checking whether we are cross compiling
configure:3365: result: no
configure:3368: checking for suffix of executables
configure:3375: gcc -o conftest    conftest.c  >&5
configure:3378: $? = 0
configure:3402: result: 
configure:3408: checking for suffix of object files
configure:3434: gcc -c   conftest.c >&5
configure:3437: $? = 0
configure:3460: result: o
configure:3464: checking whether we are using the GNU C compiler
configure:3493: gcc -c   conftest.c >&5
configure:3499: $? = 0
configure:3506: test -z "$ac_c_werror_flag" || test ! -s conftest.err
configure:3509: $? = 0
configure:3516: test -s conftest.o
configure:3519: $? = 0
configure:3533: result: yes
configure:3538: checking whether gcc accepts -g
configure:3568: gcc -c -g  conftest.c >&5
configure:3574: $? = 0
configure:3581: test -z "$ac_c_werror_flag" || test ! -s conftest.err
configure:3584: $? = 0
configure:3591: test -s conftest.o
configure:3594: $? = 0
configure:3724: result: yes
configure:3741: checking for gcc option to accept ISO C89
configure:3815: gcc  -c -g -O2  conftest.c >&5
configure:3821: $? = 0
configure:3828: test -z "$ac_c_werror_flag" || test ! -s conftest.err
configure:3831: $? = 0
configure:3838: test -s conftest.o
configure:3841: $? = 0
configure:3861: result: none needed
configure:3881: checking dependency style of gcc
configure:3971: result: none
configure:3993: checking for gnatmake
configure:4009: found /usr/bin/gnatmake
configure:4020: result: gnatmake
configure:4042: checking for gnatgcc
configure:4058: found /usr/bin/gnatgcc
configure:4069: result: gnatgcc
configure:4087: checking for gnatchop
configure:4103: found /usr/bin/gnatchop
configure:4114: result: gnatchop
configure:4124: checking if the Ada compiler works
configure:4139: cd conftest && gnatchop -q src.ada && gnatgcc -c check.adb > /dev/null 2>../conftest.out
configure:4142: $? = 0
configure:4145: result: yes
configure:4207: checking if the Ada compiler works
configure:4222: cd conftest && gnatchop -q src.ada && gnatgcc -c check.adb > /dev/null 2>../conftest.out
configure:4225: $? = 0
configure:4228: result: yes
configure:4333: checking whether gnatmake supports -aPdir
configure:4336: gnatmake 2>&1 | grep  -aPdir > /dev/null
configure:4339: $? = 0
configure:4346: result: yes
configure:4362: checking for gnatclean
configure:4378: found /usr/bin/gnatclean
configure:4389: result: gnatclean
configure:4399: checking for gnatls
configure:4415: found /usr/bin/gnatls
configure:4426: result: gnatls
configure:4445: checking for python
configure:4463: found /usr/bin/python
configure:4475: result: /usr/bin/python
configure:4498: checking for python version
configure:4505: result: 2.7
configure:4517: checking for python platform
configure:4524: result: linux2
configure:4531: checking for python script directory
configure:4539: result: ${prefix}/lib/python2.7/site-packages
configure:4548: checking for python extension module directory
configure:4556: result: ${exec_prefix}/lib/python2.7/site-packages
configure:4574: checking the path kind used by the Ada compiler
configure:4583: result: UNIX
configure:4603: checking for gmake
configure:4633: result: no
configure:4603: checking for gnumake
configure:4633: result: no
configure:4603: checking for make
configure:4619: found /usr/bin/make
configure:4630: result: make
configure:4643: checking whether make is a GNU make
configure:4647: result: yes.
configure:4673: checking XmlAda
configure:4685: result: no
configure:4828: checking default services
configure:5148: result: 
configure:5152: checking for default AADL version
configure:5180: result: v1
configure:5192: checking whether this is an SVN working copy
configure:5202: result: no.
configure:5214: checking the configuration full date
configure:5225: result: Tuesday 17 May 2011, 17:28:52.
configure:5233: checking the configuration year
configure:5244: result: 2011
configure:5619: creating ./config.status

## ---------------------- ##
## Running config.status. ##
## ---------------------- ##

This file was extended by ocarina config.status 2.0w, which was
generated by GNU Autoconf 2.60.  Invocation command line was

  CONFIG_FILES    = 
  CONFIG_HEADERS  = 
  CONFIG_LINKS    = 
  CONFIG_COMMANDS = 
  $ ./config.status 

on poilon-ubuntu

config.status:706: creating Makefile
config.status:706: creating doc/Makefile
config.status:706: creating doc/real/Makefile
config.status:706: creating examples/Makefile
config.status:706: creating examples/petri_net/Makefile
config.status:706: creating examples/petri_net/robot/Makefile
config.status:706: creating examples/real/Makefile
config.status:706: creating examples/real/lib/Makefile
config.status:706: creating examples/real/resources/Makefile
config.status:706: creating examples/real/safety/Makefile
config.status:706: creating examples/real/security/Makefile
config.status:706: creating projects/Makefile
config.status:706: creating projects-distrib/Makefile
config.status:706: creating resources/Makefile
config.status:706: creating resources/behavioural_properties/Makefile
config.status:706: creating resources/runtime/Makefile
config.status:706: creating resources/runtime/cheddar/Makefile
config.status:706: creating projects/ocarina.gpr
config.status:706: creating src/main/Makefile
config.status:706: creating src/main/ocarina-configuration.adb
config.status:706: creating src/frontends/Makefile
config.status:706: creating src/core/Makefile
config.status:706: creating src/transfo/Makefile
config.status:706: creating src/backends/Makefile
config.status:706: creating src/Makefile
config.status:706: creating support/Makefile
config.status:706: creating support/strip_wrapper.sh
config.status:706: creating tools/Makefile
config.status:706: creating tools/gendoc.py
config.status:706: creating tools/compare.py
config.status:706: creating ocarina-config
config.status:891: executing depfiles commands
configure:6800: %%%%%%%%%%%%%%%%%%%%%%%%%%%%%%%%%%%%%%%%%%%%%%%%%%%%%%%%%%%
configure:6802: Ocarina configuration is complete!
configure:6804: Including the following Ocarina modules: 
configure:6806: GNU make command name: "make"
configure:6808: %%%%%%%%%%%%%%%%%%%%%%%%%%%%%%%%%%%%%%%%%%%%%%%%%%%%%%%%%%%

## ---------------- ##
## Cache variables. ##
## ---------------- ##

ac_cv_build=i686-pc-linux-gnu
ac_cv_c_compiler_gnu=yes
ac_cv_env_CC_set=
ac_cv_env_CC_value=
ac_cv_env_CFLAGS_set=
ac_cv_env_CFLAGS_value=
ac_cv_env_CPPFLAGS_set=
ac_cv_env_CPPFLAGS_value=
ac_cv_env_LDFLAGS_set=
ac_cv_env_LDFLAGS_value=
ac_cv_env_build_alias_set=
ac_cv_env_build_alias_value=
ac_cv_env_host_alias_set=
ac_cv_env_host_alias_value=
ac_cv_env_target_alias_set=
ac_cv_env_target_alias_value=
ac_cv_host=i686-pc-linux-gnu
ac_cv_objext=o
ac_cv_path_PYTHON=/usr/bin/python
ac_cv_path_install='/usr/bin/install -c'
ac_cv_prog_ADA=gnatgcc
ac_cv_prog_AWK=mawk
ac_cv_prog_CHMOD=chmod
ac_cv_prog_CP=cp
ac_cv_prog_GNATCHOP=gnatchop
ac_cv_prog_GNATCLEAN=gnatclean
ac_cv_prog_GNATLS=gnatls
ac_cv_prog_GNATMAKE=gnatmake
ac_cv_prog_GNU_MAKE=make
ac_cv_prog_GREP=grep
ac_cv_prog_MV=mv
ac_cv_prog_RM=rm
ac_cv_prog_ac_ct_CC=gcc
ac_cv_prog_ac_ct_RANLIB=ranlib
ac_cv_prog_ac_ct_STRIP=strip
ac_cv_prog_cc_c89=
ac_cv_prog_cc_g=yes
ac_cv_prog_make_make_set=yes
ac_cv_target=i686-pc-linux-gnu
am_cv_CC_dependencies_compiler_type=none
am_cv_prog_tar_pax=gnutar
am_cv_python_platform=linux2
am_cv_python_pyexecdir='${exec_prefix}/lib/python2.7/site-packages'
am_cv_python_pythondir='${prefix}/lib/python2.7/site-packages'
am_cv_python_version=2.7

## ----------------- ##
## Output variables. ##
## ----------------- ##

AADL_VERSION='AADL_V1'
ACLOCAL='${SHELL} /home/poilon/goinfre/mini-pfe/ocarina-2.0w/support/missing --run aclocal-1.9'
ADA='gnatgcc'
ADA_FOR_TARGET='gnatgcc'
AMDEPBACKSLASH='\'
AMDEP_FALSE='#'
AMDEP_TRUE=''
AMTAR='${SHELL} /home/poilon/goinfre/mini-pfe/ocarina-2.0w/support/missing --run tar'
AUTOCONF='${SHELL} /home/poilon/goinfre/mini-pfe/ocarina-2.0w/support/missing --run autoconf'
AUTOHEADER='${SHELL} /home/poilon/goinfre/mini-pfe/ocarina-2.0w/support/missing --run autoheader'
AUTOMAKE='${SHELL} /home/poilon/goinfre/mini-pfe/ocarina-2.0w/support/missing --run automake-1.9'
AWK='mawk'
CC='gcc'
CCDEPMODE='depmode=none'
CFLAGS='-g -O2'
CHMOD='chmod'
CP='cp'
CPPFLAGS=''
CYGPATH_U='echo'
CYGPATH_W='echo'
DEBUG_FALSE='#'
DEBUG_TRUE=''
DEFS='-DPACKAGE_NAME=\"ocarina\" -DPACKAGE_TARNAME=\"ocarina\" -DPACKAGE_VERSION=\"2.0w\" -DPACKAGE_STRING=\"ocarina\ 2.0w\" -DPACKAGE_BUGREPORT=\"ocarina-users@enst.fr\" -DPACKAGE=\"ocarina\" -DVERSION=\"2.0w\"'
DEPDIR='.deps'
ECHO_C=''
ECHO_N='-n'
ECHO_T=''
EXEEXT=''
EXE_SUFFIX=''
GCOV='-- '
GNAMAKE_FOR_TARGET=''
GNATCHOP='gnatchop'
GNATCLEAN='gnatclean'
GNATFLAGS='-XBUILD=debug'
GNATLS='gnatls'
GNATMAKE='gnatmake'
GNATMAKE_FOR_TARGET='gnatmake'
GNAT_LIB_FLAGS='-XLIBRARY=static'
GNU_MAKE='make'
GREP='grep'
HAS_GNATMAKE_APDIR_FALSE='#'
HAS_GNATMAKE_APDIR_TRUE=''
HAS_XMLADA_FALSE=''
HAS_XMLADA_TRUE='#'
HAVE_GNATMAKE_APDIR='yes'
INSTALL_DATA='${INSTALL} -m 644'
INSTALL_PROGRAM='${INSTALL}'
INSTALL_SCRIPT='${INSTALL}'
INSTALL_STRIP_PROGRAM='${SHELL} $(install_sh) -c -s'
LAST_CONFIG_DATE='Tuesday 17 May 2011, 17:28:52'
LAST_CONFIG_YEAR='2011'
LDFLAGS=''
LIBOBJS=''
LIBS=''
LTLIBOBJS=''
MAKEINFO='${SHELL} /home/poilon/goinfre/mini-pfe/ocarina-2.0w/support/missing --run makeinfo'
MV='mv'
OBJEXT='o'
PACKAGE='ocarina'
PACKAGE_BUGREPORT='ocarina-users@enst.fr'
PACKAGE_NAME='ocarina'
PACKAGE_STRING='ocarina 2.0w'
PACKAGE_TARNAME='ocarina'
PACKAGE_VERSION='2.0w'
PATH_KIND='UNIX'
PATH_SEP=':'
PATH_SEPARATOR=':'
POK_FALSE=''
POK_TRUE='#'
PO_HI_ADA_FALSE='#'
PO_HI_ADA_TRUE=''
PO_HI_C_FALSE='#'
PO_HI_C_TRUE=''
PO_HI_JAVA_FALSE=''
PO_HI_JAVA_TRUE='#'
PO_QOS_ADA_FALSE='#'
PO_QOS_ADA_TRUE=''
PYTHON='/usr/bin/python'
PYTHON_EXEC_PREFIX='${exec_prefix}'
PYTHON_PLATFORM='linux2'
PYTHON_PREFIX='${prefix}'
PYTHON_VERSION='2.7'
RANLIB='ranlib'
RM='rm'
RUNTIME_LIST=''
SET_MAKE=''
SHARED_LIBRARY_FALSE=''
SHARED_LIBRARY_TRUE='#'
SHELL='/bin/bash'
STRIP='strip'
SVN_REVISION=''
VERSION='2.0w'
WINDOWS_FALSE=''
WINDOWS_TRUE='#'
XMLADA_CONFIG='no'
XMLADA_INCS=''
XMLADA_LIBS=''
XMLADA_PROJECT=''
ac_ct_CC='gcc'
am__fastdepCC_FALSE=''
am__fastdepCC_TRUE='#'
am__include='include'
am__leading_dot='.'
am__quote=''
am__tar='tar --format=posix -chf - "$$tardir"'
am__untar='tar -xf -'
bindir='${exec_prefix}/bin'
build='i686-pc-linux-gnu'
build_alias=''
build_cpu='i686'
build_os='linux-gnu'
build_vendor='pc'
datadir='${datarootdir}'
datarootdir='${prefix}/share'
docdir='${datarootdir}/doc/${PACKAGE_TARNAME}'
dvidir='${docdir}'
exec_prefix='${prefix}'
host='i686-pc-linux-gnu'
host_alias=''
host_cpu='i686'
host_os='linux-gnu'
host_vendor='pc'
htmldir='${docdir}'
includedir='${prefix}/include'
infodir='${datarootdir}/info'
install_sh='/home/poilon/goinfre/mini-pfe/ocarina-2.0w/support/install-sh'
libdir='${exec_prefix}/lib'
libexecdir='${exec_prefix}/libexec'
localedir='${datarootdir}/locale'
localstatedir='${prefix}/var'
mandir='${datarootdir}/man'
mkdir_p='mkdir -p --'
oldincludedir='/usr/include'
pdfdir='${docdir}'
pkgpyexecdir='${pyexecdir}/ocarina'
pkgpythondir='${pythondir}/ocarina'
prefix='/usr/ocarina2.0w'
program_transform_name='s,x,x,'
psdir='${docdir}'
pyexecdir='${exec_prefix}/lib/python2.7/site-packages'
pythondir='${prefix}/lib/python2.7/site-packages'
sbindir='${exec_prefix}/sbin'
sharedstatedir='${prefix}/com'
sysconfdir='${prefix}/etc'
target='i686-pc-linux-gnu'
target_alias=''
target_cpu='i686'
target_os='linux-gnu'
target_vendor='pc'

## ----------- ##
## confdefs.h. ##
## ----------- ##

#define PACKAGE_NAME "ocarina"
#define PACKAGE_TARNAME "ocarina"
#define PACKAGE_VERSION "2.0w"
#define PACKAGE_STRING "ocarina 2.0w"
#define PACKAGE_BUGREPORT "ocarina-users@enst.fr"
#define PACKAGE "ocarina"
#define VERSION "2.0w"

configure: exit 0
